<?xml version="1.0" encoding="utf-8"?>
<TestRun id="6b53aa36-d72b-4187-b105-4f8da37e52d4" name="Tyler@DESKTOP-8TCJTKA 2026-02-04 00:00:34" runUser="DESKTOP-8TCJTKA\Tyler" xmlns="http://microsoft.com/schemas/VisualStudio/TeamTest/2010">
  <Times creation="2026-02-04T00:00:34.1514077-06:00" queuing="2026-02-04T00:00:34.1514080-06:00" start="2026-02-04T00:00:33.5254735-06:00" finish="2026-02-04T00:00:35.0188832-06:00" />
  <TestSettings name="default" id="dacf87e4-686e-495c-9177-72f953115dda">
    <Deployment runDeploymentRoot="Tyler_DESKTOP-8TCJTKA_2026-02-04_00_00_34" />
  </TestSettings>
  <Results>
    <UnitTestResult executionId="b332555c-91be-45b1-96df-3937863c2333" testId="7488565b-0e90-e500-e737-748d5e7c674f" testName="TranscriptionRequest_DefaultValues" computerName="DESKTOP-8TCJTKA" duration="00:00:00.0001434" startTime="2026-02-04T00:00:34.7278499-06:00" endTime="2026-02-04T00:00:34.7280572-06:00" testType="13cdc9d9-ddb5-4fa4-a97d-d965ccfc6d4b" outcome="Passed" testListId="8c84fa94-04c1-424b-9868-57a2d4851a1d" relativeResultsDirectory="b332555c-91be-45b1-96df-3937863c2333" />
    <UnitTestResult executionId="32586ab7-9f7c-46d2-bcfe-2a79ebaef89d" testId="f22868e5-bdc8-43f0-c821-891416c73c3a" testName="GetEffectChainsAsync_ReturnsListOfChains" computerName="DESKTOP-8TCJTKA" duration="00:00:00.0009052" startTime="2026-02-04T00:00:34.1182298-06:00" endTime="2026-02-04T00:00:34.1192614-06:00" testType="13cdc9d9-ddb5-4fa4-a97d-d965ccfc6d4b" outcome="Passed" testListId="8c84fa94-04c1-424b-9868-57a2d4851a1d" relativeResultsDirectory="32586ab7-9f7c-46d2-bcfe-2a79ebaef89d" />
    <UnitTestResult executionId="74137d1a-fe61-49a6-b821-55e81a288d38" testId="90abbd27-ddb2-001e-f97e-ac1af357fe40" testName="Naturalness_WhenNoMetrics_ReturnsNA" computerName="DESKTOP-8TCJTKA" duration="00:00:00.0004927" startTime="2026-02-04T00:00:34.7576210-06:00" endTime="2026-02-04T00:00:34.7581699-06:00" testType="13cdc9d9-ddb5-4fa4-a97d-d965ccfc6d4b" outcome="Passed" testListId="8c84fa94-04c1-424b-9868-57a2d4851a1d" relativeResultsDirectory="74137d1a-fe61-49a6-b821-55e81a288d38" />
    <UnitTestResult executionId="710aeb59-50e8-43e7-bc5c-e7df00bbec14" testId="d6ad93b1-c3f7-1ff7-c78f-13d229aa454d" testName="SearchAsync_ValidQuery_SearchesBackend" computerName="DESKTOP-8TCJTKA" duration="00:00:00.0040269" startTime="2026-02-04T00:00:34.3602687-06:00" endTime="2026-02-04T00:00:34.3644704-06:00" testType="13cdc9d9-ddb5-4fa4-a97d-d965ccfc6d4b" outcome="Passed" testListId="8c84fa94-04c1-424b-9868-57a2d4851a1d" relativeResultsDirectory="710aeb59-50e8-43e7-bc5c-e7df00bbec14">
      <Output>
        <StdOut>TestContext Messages:&#xD;
Starting test: SearchAsync_ValidQuery_SearchesBackend&#xD;
Completed test: SearchAsync_ValidQuery_SearchesBackend</StdOut>
      </Output>
    </UnitTestResult>
    <UnitTestResult executionId="a673910b-4310-4ea5-af79-90ae21bd2f81" testId="86cf4e7d-c155-cbcd-068b-b33e7d43c9ca" testName="LoadProfilesCommand_Execution_UpdatesIsLoading" computerName="DESKTOP-8TCJTKA" duration="00:00:00.0013748" startTime="2026-02-04T00:00:34.6571345-06:00" endTime="2026-02-04T00:00:34.6586612-06:00" testType="13cdc9d9-ddb5-4fa4-a97d-d965ccfc6d4b" outcome="Passed" testListId="8c84fa94-04c1-424b-9868-57a2d4851a1d" relativeResultsDirectory="a673910b-4310-4ea5-af79-90ae21bd2f81">
      <Output>
        <StdOut>TestContext Messages:&#xD;
Starting test: LoadProfilesCommand_Execution_UpdatesIsLoading&#xD;
Completed test: LoadProfilesCommand_Execution_UpdatesIsLoading</StdOut>
      </Output>
    </UnitTestResult>
    <UnitTestResult executionId="7b85acbf-2e91-4ee4-82dd-76f9cc91b3dd" testId="a6b278fa-abd7-7107-219a-d5da41c385df" testName="AddTrackAsync_ReturnsTrack_WhenSuccessful" computerName="DESKTOP-8TCJTKA" duration="00:00:00.0012280" startTime="2026-02-04T00:00:34.8243779-06:00" endTime="2026-02-04T00:00:34.8257058-06:00" testType="13cdc9d9-ddb5-4fa4-a97d-d965ccfc6d4b" outcome="Passed" testListId="8c84fa94-04c1-424b-9868-57a2d4851a1d" relativeResultsDirectory="7b85acbf-2e91-4ee4-82dd-76f9cc91b3dd" />
    <UnitTestResult executionId="f4a8f577-f93e-47fe-85fc-40ded48f42b6" testId="e65d71b3-79e9-899d-a4f0-2bc82d0de192" testName="SelectedEngine_DefaultValue_IsXtts" computerName="DESKTOP-8TCJTKA" duration="00:00:00.0003331" startTime="2026-02-04T00:00:34.7586796-06:00" endTime="2026-02-04T00:00:34.7590706-06:00" testType="13cdc9d9-ddb5-4fa4-a97d-d965ccfc6d4b" outcome="Passed" testListId="8c84fa94-04c1-424b-9868-57a2d4851a1d" relativeResultsDirectory="f4a8f577-f93e-47fe-85fc-40ded48f42b6" />
    <UnitTestResult executionId="14fb57cd-ab3a-4c48-b9dd-64113456e690" testId="bb3f7104-ec23-0498-963b-2965f114cc39" testName="GetStateAsync_ReturnsState_WhenBackendReturnsValidData" computerName="DESKTOP-8TCJTKA" duration="00:00:00.0009938" startTime="2026-02-04T00:00:34.8174732-06:00" endTime="2026-02-04T00:00:34.8186069-06:00" testType="13cdc9d9-ddb5-4fa4-a97d-d965ccfc6d4b" outcome="Passed" testListId="8c84fa94-04c1-424b-9868-57a2d4851a1d" relativeResultsDirectory="14fb57cd-ab3a-4c48-b9dd-64113456e690" />
    <UnitTestResult executionId="8fd55df1-9551-4b84-9117-bd61329b6e40" testId="b6495c9c-b2c2-9486-66ea-de07115341e4" testName="CreateBatchJobAsync_ReturnsJobWithId" computerName="DESKTOP-8TCJTKA" duration="00:00:00.0909230" startTime="2026-02-04T00:00:33.9790603-06:00" endTime="2026-02-04T00:00:34.0769655-06:00" testType="13cdc9d9-ddb5-4fa4-a97d-d965ccfc6d4b" outcome="Passed" testListId="8c84fa94-04c1-424b-9868-57a2d4851a1d" relativeResultsDirectory="8fd55df1-9551-4b84-9117-bd61329b6e40" />
    <UnitTestResult executionId="e22cffdb-e0bd-45ab-9664-26abc863938d" testId="5c55b016-8352-ae6f-765a-e578627f2183" testName="TranscriptionRequest_WithOptions" computerName="DESKTOP-8TCJTKA" duration="00:00:00.0001612" startTime="2026-02-04T00:00:34.7280842-06:00" endTime="2026-02-04T00:00:34.7283099-06:00" testType="13cdc9d9-ddb5-4fa4-a97d-d965ccfc6d4b" outcome="Passed" testListId="8c84fa94-04c1-424b-9868-57a2d4851a1d" relativeResultsDirectory="e22cffdb-e0bd-45ab-9664-26abc863938d" />
    <UnitTestResult executionId="d36ba39a-3032-498d-8f44-72e8d00122e4" testId="3710ed63-869d-b721-222e-b73c0b69e057" testName="MoveItemsAsync_ReturnsZero_WhenNoItemsProvided" computerName="DESKTOP-8TCJTKA" duration="00:00:00.0005175" startTime="2026-02-04T00:00:34.8137930-06:00" endTime="2026-02-04T00:00:34.8143906-06:00" testType="13cdc9d9-ddb5-4fa4-a97d-d965ccfc6d4b" outcome="Passed" testListId="8c84fa94-04c1-424b-9868-57a2d4851a1d" relativeResultsDirectory="d36ba39a-3032-498d-8f44-72e8d00122e4" />
    <UnitTestResult executionId="b6254a73-814c-4671-9a59-217d8be25743" testId="8ef3113f-8ed8-4a69-58dd-cd7adad783e9" testName="Constructor_WithNullAudioPlayer_ThrowsArgumentNullException" computerName="DESKTOP-8TCJTKA" duration="00:00:00.0004714" startTime="2026-02-04T00:00:34.7443432-06:00" endTime="2026-02-04T00:00:34.7449422-06:00" testType="13cdc9d9-ddb5-4fa4-a97d-d965ccfc6d4b" outcome="Passed" testListId="8c84fa94-04c1-424b-9868-57a2d4851a1d" relativeResultsDirectory="b6254a73-814c-4671-9a59-217d8be25743" />
    <UnitTestResult executionId="a67c0833-57f0-4653-81c1-9e8cd2b736c0" testId="adb9c23e-54a9-20c0-02b8-33543260a0ce" testName="CreateEffectChainAsync_ReturnsCreatedChain" computerName="DESKTOP-8TCJTKA" duration="00:00:00.0008581" startTime="2026-02-04T00:00:34.1202063-06:00" endTime="2026-02-04T00:00:34.1211047-06:00" testType="13cdc9d9-ddb5-4fa4-a97d-d965ccfc6d4b" outcome="Passed" testListId="8c84fa94-04c1-424b-9868-57a2d4851a1d" relativeResultsDirectory="a67c0833-57f0-4653-81c1-9e8cd2b736c0" />
    <UnitTestResult executionId="3f369d28-0c0c-4e21-8cb6-4f069e8cf04c" testId="c97761a1-5ae7-ebaa-7e4b-07070d46ae08" testName="CanSynthesize_WhenLoading_ReturnsFalse" computerName="DESKTOP-8TCJTKA" duration="00:00:00.0002869" startTime="2026-02-04T00:00:34.7483152-06:00" endTime="2026-02-04T00:00:34.7486523-06:00" testType="13cdc9d9-ddb5-4fa4-a97d-d965ccfc6d4b" outcome="Passed" testListId="8c84fa94-04c1-424b-9868-57a2d4851a1d" relativeResultsDirectory="3f369d28-0c0c-4e21-8cb6-4f069e8cf04c" />
    <UnitTestResult executionId="e6abf033-40b6-4d00-a5c3-5a206da60f8e" testId="8f58e998-d824-b6a9-93f5-48c321f9c5c6" testName="WordTimestamp_WithAllProperties" computerName="DESKTOP-8TCJTKA" duration="00:00:00.0001296" startTime="2026-02-04T00:00:34.7301022-06:00" endTime="2026-02-04T00:00:34.7302851-06:00" testType="13cdc9d9-ddb5-4fa4-a97d-d965ccfc6d4b" outcome="Passed" testListId="8c84fa94-04c1-424b-9868-57a2d4851a1d" relativeResultsDirectory="e6abf033-40b6-4d00-a5c3-5a206da60f8e" />
    <UnitTestResult executionId="69ff9064-a47f-4863-8ca3-9bd8dcfa40c9" testId="1fbfde2e-0695-3ff9-7f9b-813b08971004" testName="Effect_DefaultValues" computerName="DESKTOP-8TCJTKA" duration="00:00:00.0000997" startTime="2026-02-04T00:00:34.1299118-06:00" endTime="2026-02-04T00:00:34.1300391-06:00" testType="13cdc9d9-ddb5-4fa4-a97d-d965ccfc6d4b" outcome="Passed" testListId="8c84fa94-04c1-424b-9868-57a2d4851a1d" relativeResultsDirectory="69ff9064-a47f-4863-8ca3-9bd8dcfa40c9" />
    <UnitTestResult executionId="257d80dd-6bbe-4e6e-8505-f130b80b0d2b" testId="b79302ba-0762-b5b9-ad6d-54a97a46a391" testName="DeleteProfileCommand_CanExecute_WhenProfileSelected" computerName="DESKTOP-8TCJTKA" duration="00:00:00.0427112" startTime="2026-02-04T00:00:34.6587309-06:00" endTime="2026-02-04T00:00:34.7015743-06:00" testType="13cdc9d9-ddb5-4fa4-a97d-d965ccfc6d4b" outcome="Passed" testListId="8c84fa94-04c1-424b-9868-57a2d4851a1d" relativeResultsDirectory="257d80dd-6bbe-4e6e-8505-f130b80b0d2b">
      <Output>
        <StdOut>TestContext Messages:&#xD;
Starting test: DeleteProfileCommand_CanExecute_WhenProfileSelected&#xD;
Completed test: DeleteProfileCommand_CanExecute_WhenProfileSelected</StdOut>
      </Output>
    </UnitTestResult>
    <UnitTestResult executionId="4306a70e-b629-4b27-8581-c020dfd029ce" testId="07588163-99ae-52eb-74e2-6d4e69cc5250" testName="TranscribeAudioAsync_ReturnsTranscriptionResponse" computerName="DESKTOP-8TCJTKA" duration="00:00:00.0015102" startTime="2026-02-04T00:00:34.7196684-06:00" endTime="2026-02-04T00:00:34.7213822-06:00" testType="13cdc9d9-ddb5-4fa4-a97d-d965ccfc6d4b" outcome="Passed" testListId="8c84fa94-04c1-424b-9868-57a2d4851a1d" relativeResultsDirectory="4306a70e-b629-4b27-8581-c020dfd029ce" />
    <UnitTestResult executionId="c762d145-df9b-45a8-8c2b-e70ade5090e5" testId="3872d986-34b4-677f-92ac-95c69e85347e" testName="TranscriptionResponse_WithWordTimestamps" computerName="DESKTOP-8TCJTKA" duration="00:00:00.0003806" startTime="2026-02-04T00:00:34.7285616-06:00" endTime="2026-02-04T00:00:34.7289943-06:00" testType="13cdc9d9-ddb5-4fa4-a97d-d965ccfc6d4b" outcome="Passed" testListId="8c84fa94-04c1-424b-9868-57a2d4851a1d" relativeResultsDirectory="c762d145-df9b-45a8-8c2b-e70ade5090e5" />
    <UnitTestResult executionId="b8dbf05f-1bea-4ded-9008-df50515b8937" testId="85ab1e85-0a6f-8c7f-c36b-9c376df67fb0" testName="RemoveClipAsync_CallsPostEndpoint" computerName="DESKTOP-8TCJTKA" duration="00:00:00.0012185" startTime="2026-02-04T00:00:34.8274125-06:00" endTime="2026-02-04T00:00:34.8286943-06:00" testType="13cdc9d9-ddb5-4fa4-a97d-d965ccfc6d4b" outcome="Failed" testListId="8c84fa94-04c1-424b-9868-57a2d4851a1d" relativeResultsDirectory="b8dbf05f-1bea-4ded-9008-df50515b8937">
      <Output>
        <ErrorInfo>
          <Message>Test method VoiceStudio.App.Tests.UseCases.TimelineUseCaseTests.RemoveClipAsync_CallsPostEndpoint threw exception: &#xD;
System.InvalidCastException: Unable to cast object of type 'System.Threading.Tasks.Task`1[System.Object]' to type 'System.Threading.Tasks.Task`1[VoiceStudio.App.UseCases.TimelineUseCase+DeleteResponse]'.</Message>
          <StackTrace>    at Castle.Proxies.IBackendClientProxy.PostAsync[TRequest,TResponse](String endpoint, TRequest request, CancellationToken cancellationToken)&#xD;
   at VoiceStudio.App.UseCases.TimelineUseCase.RemoveClipAsync(String clipId, CancellationToken cancellationToken) in E:\VoiceStudio\src\VoiceStudio.App\UseCases\TimelineUseCase.cs:line 67&#xD;
   at VoiceStudio.App.Tests.UseCases.TimelineUseCaseTests.RemoveClipAsync_CallsPostEndpoint() in E:\VoiceStudio\src\VoiceStudio.App.Tests\UseCases\TimelineUseCaseTests.cs:line 157&#xD;
</StackTrace>
        </ErrorInfo>
      </Output>
    </UnitTestResult>
    <UnitTestResult executionId="bacd5701-3eff-4731-b1a4-ffc2fd522099" testId="04a1417e-23c4-20e4-5880-ae3e570b46e4" testName="CreateFolderAsync_ThrowsArgumentException_WhenNameIsEmpty" computerName="DESKTOP-8TCJTKA" duration="00:00:00.0024731" startTime="2026-02-04T00:00:34.7910646-06:00" endTime="2026-02-04T00:00:34.7936954-06:00" testType="13cdc9d9-ddb5-4fa4-a97d-d965ccfc6d4b" outcome="Passed" testListId="8c84fa94-04c1-424b-9868-57a2d4851a1d" relativeResultsDirectory="bacd5701-3eff-4731-b1a4-ffc2fd522099" />
    <UnitTestResult executionId="a535c2ad-fcc9-4ead-9ea9-3a6b819606fe" testId="60964037-89ee-16ce-a394-679babb2a108" testName="TrainingRequest_WithZeroEpochs_IsInvalid" computerName="DESKTOP-8TCJTKA" duration="00:00:00.0002509" startTime="2026-02-04T00:00:34.7186819-06:00" endTime="2026-02-04T00:00:34.7189876-06:00" testType="13cdc9d9-ddb5-4fa4-a97d-d965ccfc6d4b" outcome="Passed" testListId="8c84fa94-04c1-424b-9868-57a2d4851a1d" relativeResultsDirectory="a535c2ad-fcc9-4ead-9ea9-3a6b819606fe" />
    <UnitTestResult executionId="6c8f4cf9-c6b3-4503-bc4a-278410e67639" testId="a6ecc59f-6e38-fdbf-793b-25de2d06af38" testName="SearchAsync_Error_SetsErrorMessage" computerName="DESKTOP-8TCJTKA" duration="00:00:00.0024256" startTime="2026-02-04T00:00:34.3672983-06:00" endTime="2026-02-04T00:00:34.3698209-06:00" testType="13cdc9d9-ddb5-4fa4-a97d-d965ccfc6d4b" outcome="Passed" testListId="8c84fa94-04c1-424b-9868-57a2d4851a1d" relativeResultsDirectory="6c8f4cf9-c6b3-4503-bc4a-278410e67639">
      <Output>
        <StdOut>TestContext Messages:&#xD;
Starting test: SearchAsync_Error_SetsErrorMessage&#xD;
Completed test: SearchAsync_Error_SetsErrorMessage</StdOut>
      </Output>
    </UnitTestResult>
    <UnitTestResult executionId="a18f23a8-46a3-4879-aeb6-ecd97852f727" testId="eca26150-35ff-f092-592b-f46f900caf18" testName="Dispose_CanBeCalledMultipleTimes" computerName="DESKTOP-8TCJTKA" duration="00:00:00.0002239" startTime="2026-02-04T00:00:34.7637357-06:00" endTime="2026-02-04T00:00:34.7640037-06:00" testType="13cdc9d9-ddb5-4fa4-a97d-d965ccfc6d4b" outcome="Passed" testListId="8c84fa94-04c1-424b-9868-57a2d4851a1d" relativeResultsDirectory="a18f23a8-46a3-4879-aeb6-ecd97852f727" />
    <UnitTestResult executionId="75921a10-3b14-44a7-8380-5624e13165b0" testId="6cb2c3ef-7d09-1b83-4d6d-83a176143a27" testName="GetSupportedLanguagesAsync_ReturnsListOfLanguages" computerName="DESKTOP-8TCJTKA" duration="00:00:00.0009938" startTime="2026-02-04T00:00:34.7267569-06:00" endTime="2026-02-04T00:00:34.7278195-06:00" testType="13cdc9d9-ddb5-4fa4-a97d-d965ccfc6d4b" outcome="Passed" testListId="8c84fa94-04c1-424b-9868-57a2d4851a1d" relativeResultsDirectory="75921a10-3b14-44a7-8380-5624e13165b0" />
    <UnitTestResult executionId="de85c81a-ee9a-4088-a029-25094c48d93d" testId="61e0f908-b1a7-9e43-efdf-6994b76b5269" testName="ToggleEngineSelection_LimitsToFiveEngines" computerName="DESKTOP-8TCJTKA" duration="00:00:00.0003843" startTime="2026-02-04T00:00:34.7607119-06:00" endTime="2026-02-04T00:00:34.7611510-06:00" testType="13cdc9d9-ddb5-4fa4-a97d-d965ccfc6d4b" outcome="Passed" testListId="8c84fa94-04c1-424b-9868-57a2d4851a1d" relativeResultsDirectory="de85c81a-ee9a-4088-a029-25094c48d93d" />
    <UnitTestResult executionId="916df061-fcd8-478a-9852-ed6e5a175993" testId="64c35621-8c1f-38a2-45d9-bf0c523dcdfa" testName="RenameFolderAsync_ThrowsArgumentException_WhenFolderIdIsEmpty" computerName="DESKTOP-8TCJTKA" duration="00:00:00.0006860" startTime="2026-02-04T00:00:34.7955051-06:00" endTime="2026-02-04T00:00:34.7962840-06:00" testType="13cdc9d9-ddb5-4fa4-a97d-d965ccfc6d4b" outcome="Passed" testListId="8c84fa94-04c1-424b-9868-57a2d4851a1d" relativeResultsDirectory="916df061-fcd8-478a-9852-ed6e5a175993" />
    <UnitTestResult executionId="6a238ccf-8b46-4f76-b3ae-64c9d1008c74" testId="3e905cf9-ea66-ff1d-84ca-33da92e02cbe" testName="EffectChain_WithMultipleEffects_MaintainsOrder" computerName="DESKTOP-8TCJTKA" duration="00:00:00.0001415" startTime="2026-02-04T00:00:34.1297272-06:00" endTime="2026-02-04T00:00:34.1298979-06:00" testType="13cdc9d9-ddb5-4fa4-a97d-d965ccfc6d4b" outcome="Passed" testListId="8c84fa94-04c1-424b-9868-57a2d4851a1d" relativeResultsDirectory="6a238ccf-8b46-4f76-b3ae-64c9d1008c74" />
    <UnitTestResult executionId="6fe0f1f5-88d4-40b0-a0b4-438878c9e6ea" testId="032989eb-7e24-5939-a37f-85db7496bed1" testName="Region_ReturnsCenterRegion" computerName="DESKTOP-8TCJTKA" duration="00:00:00.0006514" startTime="2026-02-04T00:00:34.7455054-06:00" endTime="2026-02-04T00:00:34.7462221-06:00" testType="13cdc9d9-ddb5-4fa4-a97d-d965ccfc6d4b" outcome="Passed" testListId="8c84fa94-04c1-424b-9868-57a2d4851a1d" relativeResultsDirectory="6fe0f1f5-88d4-40b0-a0b4-438878c9e6ea" />
    <UnitTestResult executionId="df9f9b09-a452-4b99-9734-6b8775ab6695" testId="3c6ee4d0-4a90-d18f-bcd8-90dc9b8ec27c" testName="StartTrainingAsync_ReturnsStatusWithId" computerName="DESKTOP-8TCJTKA" duration="00:00:00.0010200" startTime="2026-02-04T00:00:34.7089231-06:00" endTime="2026-02-04T00:00:34.7100545-06:00" testType="13cdc9d9-ddb5-4fa4-a97d-d965ccfc6d4b" outcome="Passed" testListId="8c84fa94-04c1-424b-9868-57a2d4851a1d" relativeResultsDirectory="df9f9b09-a452-4b99-9734-6b8775ab6695" />
    <UnitTestResult executionId="dc39d201-d91e-445e-a25b-b1b590ef42a2" testId="2e4aee3e-d998-dad2-dedb-3555cda691f3" testName="DeleteItemsAsync_ReturnsZero_WhenNoItemsProvided" computerName="DESKTOP-8TCJTKA" duration="00:00:00.0006291" startTime="2026-02-04T00:00:34.8130330-06:00" endTime="2026-02-04T00:00:34.8137451-06:00" testType="13cdc9d9-ddb5-4fa4-a97d-d965ccfc6d4b" outcome="Passed" testListId="8c84fa94-04c1-424b-9868-57a2d4851a1d" relativeResultsDirectory="dc39d201-d91e-445e-a25b-b1b590ef42a2" />
    <UnitTestResult executionId="d3d90152-17c8-49db-b86c-c214208353a6" testId="6c1d505b-3941-4cb9-7e9d-c6c428e4cbfd" testName="OverallQuality_WhenNoMetrics_ReturnsNA" computerName="DESKTOP-8TCJTKA" duration="00:00:00.0003925" startTime="2026-02-04T00:00:34.7582005-06:00" endTime="2026-02-04T00:00:34.7586521-06:00" testType="13cdc9d9-ddb5-4fa4-a97d-d965ccfc6d4b" outcome="Passed" testListId="8c84fa94-04c1-424b-9868-57a2d4851a1d" relativeResultsDirectory="d3d90152-17c8-49db-b86c-c214208353a6" />
    <UnitTestResult executionId="af446dcf-6c92-45ac-924e-fdd99dd141e1" testId="1b755152-f857-d872-3ac1-80a7e11a8c1d" testName="CreateEffectPresetAsync_ReturnsCreatedPreset" computerName="DESKTOP-8TCJTKA" duration="00:00:00.0009680" startTime="2026-02-04T00:00:34.1280716-06:00" endTime="2026-02-04T00:00:34.1290815-06:00" testType="13cdc9d9-ddb5-4fa4-a97d-d965ccfc6d4b" outcome="Passed" testListId="8c84fa94-04c1-424b-9868-57a2d4851a1d" relativeResultsDirectory="af446dcf-6c92-45ac-924e-fdd99dd141e1" />
    <UnitTestResult executionId="7c6604bd-fcce-4aed-8b4b-924bae78adbf" testId="85440089-ecee-c441-1007-d41303c6ce7d" testName="SearchAsync_Success_UpdatesResults" computerName="DESKTOP-8TCJTKA" duration="00:00:00.0005709" startTime="2026-02-04T00:00:34.3646216-06:00" endTime="2026-02-04T00:00:34.3653201-06:00" testType="13cdc9d9-ddb5-4fa4-a97d-d965ccfc6d4b" outcome="Passed" testListId="8c84fa94-04c1-424b-9868-57a2d4851a1d" relativeResultsDirectory="7c6604bd-fcce-4aed-8b4b-924bae78adbf">
      <Output>
        <StdOut>TestContext Messages:&#xD;
Starting test: SearchAsync_Success_UpdatesResults&#xD;
Completed test: SearchAsync_Success_UpdatesResults</StdOut>
      </Output>
    </UnitTestResult>
    <UnitTestResult executionId="e8dac955-eea7-4c3b-9121-08bd7f0f6256" testId="4ed52297-4031-8500-bbb8-aef6b72b7755" testName="SearchAsync_IncludesOptionsInEndpoint" computerName="DESKTOP-8TCJTKA" duration="00:00:00.0018919" startTime="2026-02-04T00:00:34.8109436-06:00" endTime="2026-02-04T00:00:34.8129723-06:00" testType="13cdc9d9-ddb5-4fa4-a97d-d965ccfc6d4b" outcome="Failed" testListId="8c84fa94-04c1-424b-9868-57a2d4851a1d" relativeResultsDirectory="e8dac955-eea7-4c3b-9121-08bd7f0f6256">
      <Output>
        <ErrorInfo>
          <Message>Test method VoiceStudio.App.Tests.UseCases.LibraryUseCaseTests.SearchAsync_IncludesOptionsInEndpoint threw exception: &#xD;
System.InvalidCastException: Unable to cast object of type 'System.Threading.Tasks.Task`1[System.Object]' to type 'System.Threading.Tasks.Task`1[VoiceStudio.App.UseCases.LibraryUseCase+LibrarySearchResponse]'.</Message>
          <StackTrace>    at Castle.Proxies.IBackendClientProxy.GetAsync[T](String endpoint, CancellationToken cancellationToken)&#xD;
   at VoiceStudio.App.UseCases.LibraryUseCase.SearchAsync(String query, LibrarySearchOptions options, CancellationToken cancellationToken) in E:\VoiceStudio\src\VoiceStudio.App\UseCases\LibraryUseCase.cs:line 134&#xD;
   at VoiceStudio.App.Tests.UseCases.LibraryUseCaseTests.SearchAsync_IncludesOptionsInEndpoint() in E:\VoiceStudio\src\VoiceStudio.App.Tests\UseCases\LibraryUseCaseTests.cs:line 137&#xD;
</StackTrace>
        </ErrorInfo>
      </Output>
    </UnitTestResult>
    <UnitTestResult executionId="1b879a27-4484-4a21-abaf-ad2ac43011bc" testId="537f07a4-eb89-c570-175b-7b6079a29061" testName="GetEffectPresetsAsync_ReturnsListOfPresets" computerName="DESKTOP-8TCJTKA" duration="00:00:00.0008490" startTime="2026-02-04T00:00:34.1265379-06:00" endTime="2026-02-04T00:00:34.1274316-06:00" testType="13cdc9d9-ddb5-4fa4-a97d-d965ccfc6d4b" outcome="Passed" testListId="8c84fa94-04c1-424b-9868-57a2d4851a1d" relativeResultsDirectory="1b879a27-4484-4a21-abaf-ad2ac43011bc" />
    <UnitTestResult executionId="a0123160-6ea9-413b-90d8-25576c187fc1" testId="8dda9451-be44-f1da-ab90-690b19b035d2" testName="IsEngineSelected_ReturnsTrue_WhenEngineInList" computerName="DESKTOP-8TCJTKA" duration="00:00:00.0003439" startTime="2026-02-04T00:00:34.7611754-06:00" endTime="2026-02-04T00:00:34.7615730-06:00" testType="13cdc9d9-ddb5-4fa4-a97d-d965ccfc6d4b" outcome="Passed" testListId="8c84fa94-04c1-424b-9868-57a2d4851a1d" relativeResultsDirectory="a0123160-6ea9-413b-90d8-25576c187fc1" />
    <UnitTestResult executionId="a8072c9b-2c48-4e9d-a2c7-67bd291424d7" testId="3aaf6f7e-55f7-2800-1826-90c33d229015" testName="SearchAsync_CallsBackendWithCorrectEndpoint" computerName="DESKTOP-8TCJTKA" duration="00:00:00.0111454" startTime="2026-02-04T00:00:34.7994516-06:00" endTime="2026-02-04T00:00:34.8108391-06:00" testType="13cdc9d9-ddb5-4fa4-a97d-d965ccfc6d4b" outcome="Failed" testListId="8c84fa94-04c1-424b-9868-57a2d4851a1d" relativeResultsDirectory="a8072c9b-2c48-4e9d-a2c7-67bd291424d7">
      <Output>
        <ErrorInfo>
          <Message>Test method VoiceStudio.App.Tests.UseCases.LibraryUseCaseTests.SearchAsync_CallsBackendWithCorrectEndpoint threw exception: &#xD;
System.InvalidCastException: Unable to cast object of type 'System.Threading.Tasks.Task`1[System.Object]' to type 'System.Threading.Tasks.Task`1[VoiceStudio.App.UseCases.LibraryUseCase+LibrarySearchResponse]'.</Message>
          <StackTrace>    at Castle.Proxies.IBackendClientProxy.GetAsync[T](String endpoint, CancellationToken cancellationToken)&#xD;
   at VoiceStudio.App.UseCases.LibraryUseCase.SearchAsync(String query, LibrarySearchOptions options, CancellationToken cancellationToken) in E:\VoiceStudio\src\VoiceStudio.App\UseCases\LibraryUseCase.cs:line 134&#xD;
   at VoiceStudio.App.Tests.UseCases.LibraryUseCaseTests.SearchAsync_CallsBackendWithCorrectEndpoint() in E:\VoiceStudio\src\VoiceStudio.App.Tests\UseCases\LibraryUseCaseTests.cs:line 111&#xD;
</StackTrace>
        </ErrorInfo>
      </Output>
    </UnitTestResult>
    <UnitTestResult executionId="61889e79-8217-4f1b-9692-131101046ec6" testId="2d5a1ff7-bb4c-8925-9085-983ad91e64c9" testName="TrainingRequest_DefaultValues" computerName="DESKTOP-8TCJTKA" duration="00:00:00.0002725" startTime="2026-02-04T00:00:34.7178277-06:00" endTime="2026-02-04T00:00:34.7181741-06:00" testType="13cdc9d9-ddb5-4fa4-a97d-d965ccfc6d4b" outcome="Passed" testListId="8c84fa94-04c1-424b-9868-57a2d4851a1d" relativeResultsDirectory="61889e79-8217-4f1b-9692-131101046ec6" />
    <UnitTestResult executionId="f00b274b-7c31-4458-9dcd-60e7310af11f" testId="c2e40806-e1b4-9ac3-dbe9-3ffd1451f687" testName="GetModelAsync_ReturnsModelInfo" computerName="DESKTOP-8TCJTKA" duration="00:00:00.0011350" startTime="2026-02-04T00:00:34.7165548-06:00" endTime="2026-02-04T00:00:34.7177826-06:00" testType="13cdc9d9-ddb5-4fa4-a97d-d965ccfc6d4b" outcome="Passed" testListId="8c84fa94-04c1-424b-9868-57a2d4851a1d" relativeResultsDirectory="f00b274b-7c31-4458-9dcd-60e7310af11f" />
    <UnitTestResult executionId="3258cf17-c42e-4638-b0c8-cdb9f15374fc" testId="de3b40f2-6129-2a8e-b41f-a656f9933fff" testName="MosScore_WhenNoMetrics_ReturnsNA" computerName="DESKTOP-8TCJTKA" duration="00:00:00.0005676" startTime="2026-02-04T00:00:34.7537948-06:00" endTime="2026-02-04T00:00:34.7544326-06:00" testType="13cdc9d9-ddb5-4fa4-a97d-d965ccfc6d4b" outcome="Passed" testListId="8c84fa94-04c1-424b-9868-57a2d4851a1d" relativeResultsDirectory="3258cf17-c42e-4638-b0c8-cdb9f15374fc" />
    <UnitTestResult executionId="61055ed6-4d8e-47fe-a8f8-9f8b7062c7e0" testId="4f335c0c-656b-2640-b00b-8e593b48d599" testName="TrainingStatus_QualityMetrics" computerName="DESKTOP-8TCJTKA" duration="00:00:00.0002943" startTime="2026-02-04T00:00:34.7193051-06:00" endTime="2026-02-04T00:00:34.7196465-06:00" testType="13cdc9d9-ddb5-4fa4-a97d-d965ccfc6d4b" outcome="Passed" testListId="8c84fa94-04c1-424b-9868-57a2d4851a1d" relativeResultsDirectory="61055ed6-4d8e-47fe-a8f8-9f8b7062c7e0" />
    <UnitTestResult executionId="05af84d0-64d4-490e-b586-d373400a3fe2" testId="7e381799-8e09-4fd8-ade5-4acb7c298259" testName="TrainingRequest_WithCustomValues" computerName="DESKTOP-8TCJTKA" duration="00:00:00.0003814" startTime="2026-02-04T00:00:34.7182069-06:00" endTime="2026-02-04T00:00:34.7186566-06:00" testType="13cdc9d9-ddb5-4fa4-a97d-d965ccfc6d4b" outcome="Passed" testListId="8c84fa94-04c1-424b-9868-57a2d4851a1d" relativeResultsDirectory="05af84d0-64d4-490e-b586-d373400a3fe2" />
    <UnitTestResult executionId="65b8268c-0d57-4b35-8e41-b25241c180d1" testId="9f6e0e9d-bda6-4cf2-23c1-06d0268b43d0" testName="ImportFilesAsync_ReturnsEmptyList_WhenNoFilesProvided" computerName="DESKTOP-8TCJTKA" duration="00:00:00.0008208" startTime="2026-02-04T00:00:34.7985124-06:00" endTime="2026-02-04T00:00:34.7994162-06:00" testType="13cdc9d9-ddb5-4fa4-a97d-d965ccfc6d4b" outcome="Passed" testListId="8c84fa94-04c1-424b-9868-57a2d4851a1d" relativeResultsDirectory="65b8268c-0d57-4b35-8e41-b25241c180d1" />
    <UnitTestResult executionId="f517cb48-b496-4589-a3ae-5bbaeca7ac41" testId="0084c880-ca3c-84fa-fc77-3e4050412e66" testName="DeleteTranscriptionAsync_ReturnsFalse_WhenNotFound" computerName="DESKTOP-8TCJTKA" duration="00:00:00.0004784" startTime="2026-02-04T00:00:34.7261843-06:00" endTime="2026-02-04T00:00:34.7267295-06:00" testType="13cdc9d9-ddb5-4fa4-a97d-d965ccfc6d4b" outcome="Passed" testListId="8c84fa94-04c1-424b-9868-57a2d4851a1d" relativeResultsDirectory="f517cb48-b496-4589-a3ae-5bbaeca7ac41" />
    <UnitTestResult executionId="16b72139-11da-482a-8f64-7d94622b9333" testId="271392c7-f04d-8f05-8dfb-b0cf2963e635" testName="EffectPreset_DefaultValues" computerName="DESKTOP-8TCJTKA" duration="00:00:00.0000536" startTime="2026-02-04T00:00:34.1308223-06:00" endTime="2026-02-04T00:00:34.1309060-06:00" testType="13cdc9d9-ddb5-4fa4-a97d-d965ccfc6d4b" outcome="Passed" testListId="8c84fa94-04c1-424b-9868-57a2d4851a1d" relativeResultsDirectory="16b72139-11da-482a-8f64-7d94622b9333" />
    <UnitTestResult executionId="81c5df2e-aac7-478a-9795-5dfe2413eaa5" testId="428095ba-8e56-72ef-4205-1b8ba651e4b1" testName="ProfilesViewModel_Commands_AreInitialized" computerName="DESKTOP-8TCJTKA" duration="00:00:00.0012787" startTime="2026-02-04T00:00:34.6556302-06:00" endTime="2026-02-04T00:00:34.6570566-06:00" testType="13cdc9d9-ddb5-4fa4-a97d-d965ccfc6d4b" outcome="Passed" testListId="8c84fa94-04c1-424b-9868-57a2d4851a1d" relativeResultsDirectory="81c5df2e-aac7-478a-9795-5dfe2413eaa5">
      <Output>
        <StdOut>TestContext Messages:&#xD;
Starting test: ProfilesViewModel_Commands_AreInitialized&#xD;
Completed test: ProfilesViewModel_Commands_AreInitialized</StdOut>
      </Output>
    </UnitTestResult>
    <UnitTestResult executionId="b81a1a2d-7eb2-4f95-9876-308ab98de089" testId="b4d64fd7-1470-75a5-8440-f586b70c7a95" testName="Similarity_WhenNoMetrics_ReturnsNA" computerName="DESKTOP-8TCJTKA" duration="00:00:00.0004235" startTime="2026-02-04T00:00:34.7556574-06:00" endTime="2026-02-04T00:00:34.7561460-06:00" testType="13cdc9d9-ddb5-4fa4-a97d-d965ccfc6d4b" outcome="Passed" testListId="8c84fa94-04c1-424b-9868-57a2d4851a1d" relativeResultsDirectory="b81a1a2d-7eb2-4f95-9876-308ab98de089" />
    <UnitTestResult executionId="6d66e18e-c584-49e2-88dc-3f09eb0dfff6" testId="60eaa751-948a-7556-09d3-b2d076129010" testName="ViewModel_PropertyChange_NotifiesSubscribers" computerName="DESKTOP-8TCJTKA" duration="00:00:00.0001346" startTime="2026-02-04T00:00:34.1312617-06:00" endTime="2026-02-04T00:00:34.1314291-06:00" testType="13cdc9d9-ddb5-4fa4-a97d-d965ccfc6d4b" outcome="Passed" testListId="8c84fa94-04c1-424b-9868-57a2d4851a1d" relativeResultsDirectory="6d66e18e-c584-49e2-88dc-3f09eb0dfff6" />
    <UnitTestResult executionId="112785fb-16a3-45f7-8003-bb1e91692d67" testId="adfc2d8a-44f4-1629-6e7e-a27bc006cfb1" testName="IsEngineSelected_ReturnsFalse_WhenEngineNotInList" computerName="DESKTOP-8TCJTKA" duration="00:00:00.0003577" startTime="2026-02-04T00:00:34.7624618-06:00" endTime="2026-02-04T00:00:34.7628823-06:00" testType="13cdc9d9-ddb5-4fa4-a97d-d965ccfc6d4b" outcome="Passed" testListId="8c84fa94-04c1-424b-9868-57a2d4851a1d" relativeResultsDirectory="112785fb-16a3-45f7-8003-bb1e91692d67" />
    <UnitTestResult executionId="5d8c144a-44f7-459e-b615-beb1a2d8ff4d" testId="22df8a96-0c8f-1d0f-9635-85042f811b78" testName="GetTrainingStatusAsync_ReturnsCorrectStatus" computerName="DESKTOP-8TCJTKA" duration="00:00:00.0009795" startTime="2026-02-04T00:00:34.7101057-06:00" endTime="2026-02-04T00:00:34.7112011-06:00" testType="13cdc9d9-ddb5-4fa4-a97d-d965ccfc6d4b" outcome="Passed" testListId="8c84fa94-04c1-424b-9868-57a2d4851a1d" relativeResultsDirectory="5d8c144a-44f7-459e-b615-beb1a2d8ff4d" />
    <UnitTestResult executionId="6de0634c-3407-4c91-a74d-d79d62f9ebde" testId="eb793db3-d669-0a1e-d60a-8b757d6df4a5" testName="CreateAsync_CallsBackendWithCorrectOptions" computerName="DESKTOP-8TCJTKA" duration="00:00:00.0055655" startTime="2026-02-04T00:00:34.8186489-06:00" endTime="2026-02-04T00:00:34.8243154-06:00" testType="13cdc9d9-ddb5-4fa4-a97d-d965ccfc6d4b" outcome="Passed" testListId="8c84fa94-04c1-424b-9868-57a2d4851a1d" relativeResultsDirectory="6de0634c-3407-4c91-a74d-d79d62f9ebde" />
    <UnitTestResult executionId="ee17f8c4-1dd9-4cb4-9641-5657e926b932" testId="c003df90-0b9d-3e81-c6ce-4a3e2a2c76e0" testName="ViewModel_ErrorHandling_Works" computerName="DESKTOP-8TCJTKA" duration="00:00:00.0011037" startTime="2026-02-04T00:00:34.7027643-06:00" endTime="2026-02-04T00:00:34.7040425-06:00" testType="13cdc9d9-ddb5-4fa4-a97d-d965ccfc6d4b" outcome="Passed" testListId="8c84fa94-04c1-424b-9868-57a2d4851a1d" relativeResultsDirectory="ee17f8c4-1dd9-4cb4-9641-5657e926b932">
      <Output>
        <StdOut>TestContext Messages:&#xD;
Starting test: ViewModel_ErrorHandling_Works&#xD;
Completed test: ViewModel_ErrorHandling_Works</StdOut>
      </Output>
    </UnitTestResult>
    <UnitTestResult executionId="c7c56c49-5eed-444c-9d34-5696dc1474ff" testId="b58609e5-9f41-721b-4447-4c0706e3ac06" testName="BatchJobRequest_WithQualitySettings" computerName="DESKTOP-8TCJTKA" duration="00:00:00.0001141" startTime="2026-02-04T00:00:34.1180261-06:00" endTime="2026-02-04T00:00:34.1182150-06:00" testType="13cdc9d9-ddb5-4fa4-a97d-d965ccfc6d4b" outcome="Passed" testListId="8c84fa94-04c1-424b-9868-57a2d4851a1d" relativeResultsDirectory="c7c56c49-5eed-444c-9d34-5696dc1474ff" />
    <UnitTestResult executionId="b80e2ccb-6503-44dd-9de4-04cc96357b10" testId="a675417a-d7f0-6c13-8274-58f9f5fe8d22" testName="UndoAsync_ReturnsFalse_WhenBackendReturnsNull" computerName="DESKTOP-8TCJTKA" duration="00:00:00.0012513" startTime="2026-02-04T00:00:34.8287297-06:00" endTime="2026-02-04T00:00:34.8300507-06:00" testType="13cdc9d9-ddb5-4fa4-a97d-d965ccfc6d4b" outcome="Failed" testListId="8c84fa94-04c1-424b-9868-57a2d4851a1d" relativeResultsDirectory="b80e2ccb-6503-44dd-9de4-04cc96357b10">
      <Output>
        <ErrorInfo>
          <Message>Test method VoiceStudio.App.Tests.UseCases.TimelineUseCaseTests.UndoAsync_ReturnsFalse_WhenBackendReturnsNull threw exception: &#xD;
System.InvalidCastException: Unable to cast object of type 'System.Threading.Tasks.Task`1[System.Object]' to type 'System.Threading.Tasks.Task`1[VoiceStudio.App.UseCases.TimelineUseCase+UndoResponse]'.</Message>
          <StackTrace>    at Castle.Proxies.IBackendClientProxy.PostAsync[TRequest,TResponse](String endpoint, TRequest request, CancellationToken cancellationToken)&#xD;
   at VoiceStudio.App.UseCases.TimelineUseCase.UndoAsync(CancellationToken cancellationToken) in E:\VoiceStudio\src\VoiceStudio.App\UseCases\TimelineUseCase.cs:line 115&#xD;
   at VoiceStudio.App.Tests.UseCases.TimelineUseCaseTests.UndoAsync_ReturnsFalse_WhenBackendReturnsNull() in E:\VoiceStudio\src\VoiceStudio.App.Tests\UseCases\TimelineUseCaseTests.cs:line 178&#xD;
</StackTrace>
        </ErrorInfo>
      </Output>
    </UnitTestResult>
    <UnitTestResult executionId="f980dd96-8c3e-415c-8c65-eb85a184e757" testId="db1db0cb-edac-9426-bcfa-d7c868036d60" testName="PanelId_ReturnsCorrectValue" computerName="DESKTOP-8TCJTKA" duration="00:00:00.0003987" startTime="2026-02-04T00:00:34.7449888-06:00" endTime="2026-02-04T00:00:34.7454662-06:00" testType="13cdc9d9-ddb5-4fa4-a97d-d965ccfc6d4b" outcome="Passed" testListId="8c84fa94-04c1-424b-9868-57a2d4851a1d" relativeResultsDirectory="f980dd96-8c3e-415c-8c65-eb85a184e757" />
    <UnitTestResult executionId="52a1d07c-8027-4990-8980-ae621bdc2d92" testId="c8395f59-1e73-f763-beb8-8d1b312e7896" testName="GetEffectChainAsync_ReturnsSingleChain" computerName="DESKTOP-8TCJTKA" duration="00:00:00.0008721" startTime="2026-02-04T00:00:34.1192771-06:00" endTime="2026-02-04T00:00:34.1201889-06:00" testType="13cdc9d9-ddb5-4fa4-a97d-d965ccfc6d4b" outcome="Passed" testListId="8c84fa94-04c1-424b-9868-57a2d4851a1d" relativeResultsDirectory="52a1d07c-8027-4990-8980-ae621bdc2d92" />
    <UnitTestResult executionId="3b785bc5-9221-4a31-888b-f8effa9cf3ea" testId="fe06c041-8e8c-dff6-c0a0-170c86c585ed" testName="SearchAsync_Success_SelectsFirstResult" computerName="DESKTOP-8TCJTKA" duration="00:00:00.0006028" startTime="2026-02-04T00:00:34.3665637-06:00" endTime="2026-02-04T00:00:34.3672649-06:00" testType="13cdc9d9-ddb5-4fa4-a97d-d965ccfc6d4b" outcome="Passed" testListId="8c84fa94-04c1-424b-9868-57a2d4851a1d" relativeResultsDirectory="3b785bc5-9221-4a31-888b-f8effa9cf3ea">
      <Output>
        <StdOut>TestContext Messages:&#xD;
Starting test: SearchAsync_Success_SelectsFirstResult&#xD;
Completed test: SearchAsync_Success_SelectsFirstResult</StdOut>
      </Output>
    </UnitTestResult>
    <UnitTestResult executionId="1be06ecb-2ed6-43b0-8f44-1c52aeda8503" testId="55a673b7-be52-035b-81c3-15e08a075fd2" testName="SearchAsync_Error_ClearsResults" computerName="DESKTOP-8TCJTKA" duration="00:00:00.0009657" startTime="2026-02-04T00:00:34.3699508-06:00" endTime="2026-02-04T00:00:34.3710766-06:00" testType="13cdc9d9-ddb5-4fa4-a97d-d965ccfc6d4b" outcome="Passed" testListId="8c84fa94-04c1-424b-9868-57a2d4851a1d" relativeResultsDirectory="1be06ecb-2ed6-43b0-8f44-1c52aeda8503">
      <Output>
        <StdOut>TestContext Messages:&#xD;
Starting test: SearchAsync_Error_ClearsResults&#xD;
Completed test: SearchAsync_Error_ClearsResults</StdOut>
      </Output>
    </UnitTestResult>
    <UnitTestResult executionId="fe0042ea-6387-49f1-88a5-6563138c9434" testId="9ae3f8b9-d3d8-9902-086b-d8011c52975b" testName="ProcessAudioWithChainAsync_ReturnsProcessedResponse" computerName="DESKTOP-8TCJTKA" duration="00:00:00.0006808" startTime="2026-02-04T00:00:34.1227779-06:00" endTime="2026-02-04T00:00:34.1234980-06:00" testType="13cdc9d9-ddb5-4fa4-a97d-d965ccfc6d4b" outcome="Passed" testListId="8c84fa94-04c1-424b-9868-57a2d4851a1d" relativeResultsDirectory="fe0042ea-6387-49f1-88a5-6563138c9434" />
    <UnitTestResult executionId="a0f274a0-d75c-4cfe-ac97-ddbd401df21e" testId="073386ef-4834-5b22-fd7d-5e98c7767c56" testName="ListTranscriptionsAsync_ReturnsListOfTranscriptions" computerName="DESKTOP-8TCJTKA" duration="00:00:00.0007626" startTime="2026-02-04T00:00:34.7225048-06:00" endTime="2026-02-04T00:00:34.7233377-06:00" testType="13cdc9d9-ddb5-4fa4-a97d-d965ccfc6d4b" outcome="Passed" testListId="8c84fa94-04c1-424b-9868-57a2d4851a1d" relativeResultsDirectory="a0f274a0-d75c-4cfe-ac97-ddbd401df21e" />
    <UnitTestResult executionId="e109e2c5-290a-4075-9c07-76140f4532dc" testId="5dc612d7-de56-7bc5-ea41-a028641aa51b" testName="CancelTrainingAsync_ReturnsFalse_WhenJobNotFound" computerName="DESKTOP-8TCJTKA" duration="00:00:00.0007971" startTime="2026-02-04T00:00:34.7128732-06:00" endTime="2026-02-04T00:00:34.7137486-06:00" testType="13cdc9d9-ddb5-4fa4-a97d-d965ccfc6d4b" outcome="Passed" testListId="8c84fa94-04c1-424b-9868-57a2d4851a1d" relativeResultsDirectory="e109e2c5-290a-4075-9c07-76140f4532dc" />
    <UnitTestResult executionId="70da80bf-e2c3-4c6a-832e-d0aeff96b243" testId="1e857f70-3505-6d70-5571-54629384366d" testName="BatchJobRequest_DefaultValues" computerName="DESKTOP-8TCJTKA" duration="00:00:00.0001306" startTime="2026-02-04T00:00:34.1178542-06:00" endTime="2026-02-04T00:00:34.1180120-06:00" testType="13cdc9d9-ddb5-4fa4-a97d-d965ccfc6d4b" outcome="Passed" testListId="8c84fa94-04c1-424b-9868-57a2d4851a1d" relativeResultsDirectory="70da80bf-e2c3-4c6a-832e-d0aeff96b243" />
    <UnitTestResult executionId="47aff007-ba70-42fc-a27e-ecbb73e156c2" testId="cac388db-ac2e-b6d9-36c8-df311d2c0de2" testName="IsEmotionSupported_WithChatterbox_ReturnsTrue" computerName="DESKTOP-8TCJTKA" duration="00:00:00.0034201" startTime="2026-02-04T00:00:34.7489967-06:00" endTime="2026-02-04T00:00:34.7524863-06:00" testType="13cdc9d9-ddb5-4fa4-a97d-d965ccfc6d4b" outcome="Passed" testListId="8c84fa94-04c1-424b-9868-57a2d4851a1d" relativeResultsDirectory="47aff007-ba70-42fc-a27e-ecbb73e156c2" />
    <UnitTestResult executionId="e1b12a04-d019-4a09-a700-4544b9fedf8c" testId="8d682cca-7905-fb79-d3f3-3beea380b885" testName="Dispose_ClearsProfiles" computerName="DESKTOP-8TCJTKA" duration="00:00:00.0002945" startTime="2026-02-04T00:00:34.7633751-06:00" endTime="2026-02-04T00:00:34.7637143-06:00" testType="13cdc9d9-ddb5-4fa4-a97d-d965ccfc6d4b" outcome="Passed" testListId="8c84fa94-04c1-424b-9868-57a2d4851a1d" relativeResultsDirectory="e1b12a04-d019-4a09-a700-4544b9fedf8c" />
    <UnitTestResult executionId="04efad9c-73f2-4ca2-871d-919d5d8a027b" testId="0c403289-2ee5-b09e-209d-c8fb18d9b754" testName="GetFolderContentsAsync_ThrowsArgumentException_WhenFolderIdIsEmpty" computerName="DESKTOP-8TCJTKA" duration="00:00:00.0009022" startTime="2026-02-04T00:00:34.7944500-06:00" endTime="2026-02-04T00:00:34.7954587-06:00" testType="13cdc9d9-ddb5-4fa4-a97d-d965ccfc6d4b" outcome="Passed" testListId="8c84fa94-04c1-424b-9868-57a2d4851a1d" relativeResultsDirectory="04efad9c-73f2-4ca2-871d-919d5d8a027b" />
    <UnitTestResult executionId="c6f79fa0-a4d7-469c-9c8c-a1fe700b87c3" testId="49c66ba6-3625-145f-66a3-32c8790bfeab" testName="RemoveTrackAsync_CallsPostEndpoint" computerName="DESKTOP-8TCJTKA" duration="00:00:00.0015462" startTime="2026-02-04T00:00:34.8257507-06:00" endTime="2026-02-04T00:00:34.8273732-06:00" testType="13cdc9d9-ddb5-4fa4-a97d-d965ccfc6d4b" outcome="Failed" testListId="8c84fa94-04c1-424b-9868-57a2d4851a1d" relativeResultsDirectory="c6f79fa0-a4d7-469c-9c8c-a1fe700b87c3">
      <Output>
        <ErrorInfo>
          <Message>Test method VoiceStudio.App.Tests.UseCases.TimelineUseCaseTests.RemoveTrackAsync_CallsPostEndpoint threw exception: &#xD;
System.InvalidCastException: Unable to cast object of type 'System.Threading.Tasks.Task`1[System.Object]' to type 'System.Threading.Tasks.Task`1[VoiceStudio.App.UseCases.TimelineUseCase+DeleteResponse]'.</Message>
          <StackTrace>    at Castle.Proxies.IBackendClientProxy.PostAsync[TRequest,TResponse](String endpoint, TRequest request, CancellationToken cancellationToken)&#xD;
   at VoiceStudio.App.UseCases.TimelineUseCase.RemoveTrackAsync(String trackId, CancellationToken cancellationToken) in E:\VoiceStudio\src\VoiceStudio.App\UseCases\TimelineUseCase.cs:line 53&#xD;
   at VoiceStudio.App.Tests.UseCases.TimelineUseCaseTests.RemoveTrackAsync_CallsPostEndpoint() in E:\VoiceStudio\src\VoiceStudio.App.Tests\UseCases\TimelineUseCaseTests.cs:line 135&#xD;
</StackTrace>
        </ErrorInfo>
      </Output>
    </UnitTestResult>
    <UnitTestResult executionId="b980f10e-39e0-439f-b033-a5eef561e2e2" testId="024759a8-9300-87cb-c880-6d5f373cea30" testName="SelectedEngineChanged_ClearsEmotion_WhenNotSupported" computerName="DESKTOP-8TCJTKA" duration="00:00:00.0004858" startTime="2026-02-04T00:00:34.7590975-06:00" endTime="2026-02-04T00:00:34.7596415-06:00" testType="13cdc9d9-ddb5-4fa4-a97d-d965ccfc6d4b" outcome="Passed" testListId="8c84fa94-04c1-424b-9868-57a2d4851a1d" relativeResultsDirectory="b980f10e-39e0-439f-b033-a5eef561e2e2" />
    <UnitTestResult executionId="ba4f9001-bd97-4aba-8617-0d33d2caf252" testId="b1eeae5a-a744-7209-7d2f-46b25a56da3c" testName="EffectChain_WithEmptyEffects_IsValid" computerName="DESKTOP-8TCJTKA" duration="00:00:00.0000720" startTime="2026-02-04T00:00:34.1296099-06:00" endTime="2026-02-04T00:00:34.1297138-06:00" testType="13cdc9d9-ddb5-4fa4-a97d-d965ccfc6d4b" outcome="Passed" testListId="8c84fa94-04c1-424b-9868-57a2d4851a1d" relativeResultsDirectory="ba4f9001-bd97-4aba-8617-0d33d2caf252" />
    <UnitTestResult executionId="bbdc6643-bb9d-4167-812a-f1f412524595" testId="510ae7c6-f529-941f-cc13-b196888d2edc" testName="CancelTrainingAsync_ReturnsTrue_OnSuccess" computerName="DESKTOP-8TCJTKA" duration="00:00:00.0007202" startTime="2026-02-04T00:00:34.7120507-06:00" endTime="2026-02-04T00:00:34.7128392-06:00" testType="13cdc9d9-ddb5-4fa4-a97d-d965ccfc6d4b" outcome="Passed" testListId="8c84fa94-04c1-424b-9868-57a2d4851a1d" relativeResultsDirectory="bbdc6643-bb9d-4167-812a-f1f412524595" />
    <UnitTestResult executionId="9e29fd05-cf07-4940-8e1e-be9c8d847658" testId="45c9f6d2-e108-65be-a52e-3e0340cecf77" testName="DefaultValues_AreCorrect" computerName="DESKTOP-8TCJTKA" duration="00:00:00.0003870" startTime="2026-02-04T00:00:34.7629085-06:00" endTime="2026-02-04T00:00:34.7633511-06:00" testType="13cdc9d9-ddb5-4fa4-a97d-d965ccfc6d4b" outcome="Passed" testListId="8c84fa94-04c1-424b-9868-57a2d4851a1d" relativeResultsDirectory="9e29fd05-cf07-4940-8e1e-be9c8d847658" />
    <UnitTestResult executionId="00fcb216-abbe-45f4-b185-2b3a302673b1" testId="b0631b1e-1721-7dba-2eae-e01ca7f31d56" testName="GetTranscriptionAsync_ReturnsSingleTranscription" computerName="DESKTOP-8TCJTKA" duration="00:00:00.0006521" startTime="2026-02-04T00:00:34.7248542-06:00" endTime="2026-02-04T00:00:34.7255756-06:00" testType="13cdc9d9-ddb5-4fa4-a97d-d965ccfc6d4b" outcome="Passed" testListId="8c84fa94-04c1-424b-9868-57a2d4851a1d" relativeResultsDirectory="00fcb216-abbe-45f4-b185-2b3a302673b1" />
    <UnitTestResult executionId="6f188344-8f2b-4396-b368-e01bba035fbc" testId="8a8457f0-17ac-7f8e-93f8-36d73b1c5d9c" testName="ListTranscriptionsAsync_FiltersByAudioId" computerName="DESKTOP-8TCJTKA" duration="00:00:00.0006554" startTime="2026-02-04T00:00:34.7240986-06:00" endTime="2026-02-04T00:00:34.7248265-06:00" testType="13cdc9d9-ddb5-4fa4-a97d-d965ccfc6d4b" outcome="Passed" testListId="8c84fa94-04c1-424b-9868-57a2d4851a1d" relativeResultsDirectory="6f188344-8f2b-4396-b368-e01bba035fbc" />
    <UnitTestResult executionId="3f4a39c2-0e92-42be-ad45-e82614c92a5b" testId="387f3bb5-4e23-f915-617c-db68e514aac6" testName="SearchAsync_SetsIsLoading" computerName="DESKTOP-8TCJTKA" duration="00:00:00.0160944" startTime="2026-02-04T00:00:34.3711290-06:00" endTime="2026-02-04T00:00:34.3873944-06:00" testType="13cdc9d9-ddb5-4fa4-a97d-d965ccfc6d4b" outcome="Passed" testListId="8c84fa94-04c1-424b-9868-57a2d4851a1d" relativeResultsDirectory="3f4a39c2-0e92-42be-ad45-e82614c92a5b">
      <Output>
        <StdOut>TestContext Messages:&#xD;
Starting test: SearchAsync_SetsIsLoading&#xD;
Completed test: SearchAsync_SetsIsLoading</StdOut>
      </Output>
    </UnitTestResult>
    <UnitTestResult executionId="77919435-cafe-469f-8cdd-4fc7a8729ce0" testId="12979020-d60a-bf62-04ea-e108f4128e79" testName="RetryBatchJobWithQualityAsync_ReturnsNewJob" computerName="DESKTOP-8TCJTKA" duration="00:00:00.0020877" startTime="2026-02-04T00:00:34.0918129-06:00" endTime="2026-02-04T00:00:34.0939609-06:00" testType="13cdc9d9-ddb5-4fa4-a97d-d965ccfc6d4b" outcome="Passed" testListId="8c84fa94-04c1-424b-9868-57a2d4851a1d" relativeResultsDirectory="77919435-cafe-469f-8cdd-4fc7a8729ce0" />
    <UnitTestResult executionId="b5610dab-fd06-4fe6-9c81-81605482bffb" testId="cff95d85-e1d0-77c3-0178-805c484e0603" testName="GetUndoRedoStateAsync_ReturnsEmptyState_WhenBackendReturnsNull" computerName="DESKTOP-8TCJTKA" duration="00:00:00.0009290" startTime="2026-02-04T00:00:34.8300848-06:00" endTime="2026-02-04T00:00:34.8310725-06:00" testType="13cdc9d9-ddb5-4fa4-a97d-d965ccfc6d4b" outcome="Passed" testListId="8c84fa94-04c1-424b-9868-57a2d4851a1d" relativeResultsDirectory="b5610dab-fd06-4fe6-9c81-81605482bffb" />
    <UnitTestResult executionId="3171ad23-7aeb-4f54-9647-df1ecfbc6c5a" testId="b6b0e8a7-9028-91a4-c711-ba9efb3a7975" testName="IsEmotionSupported_WithOtherEngine_ReturnsFalse" computerName="DESKTOP-8TCJTKA" duration="00:00:00.0004907" startTime="2026-02-04T00:00:34.7531846-06:00" endTime="2026-02-04T00:00:34.7537567-06:00" testType="13cdc9d9-ddb5-4fa4-a97d-d965ccfc6d4b" outcome="Passed" testListId="8c84fa94-04c1-424b-9868-57a2d4851a1d" relativeResultsDirectory="3171ad23-7aeb-4f54-9647-df1ecfbc6c5a" />
    <UnitTestResult executionId="bad016e1-3e11-4a7f-a691-dcfa4deecd36" testId="03dc6fac-09ae-efac-2b20-dd44e3ce299c" testName="ViewModel_Initialization_Succeeds" computerName="DESKTOP-8TCJTKA" duration="00:00:00.0002332" startTime="2026-02-04T00:00:34.1309183-06:00" endTime="2026-02-04T00:00:34.1312457-06:00" testType="13cdc9d9-ddb5-4fa4-a97d-d965ccfc6d4b" outcome="Passed" testListId="8c84fa94-04c1-424b-9868-57a2d4851a1d" relativeResultsDirectory="bad016e1-3e11-4a7f-a691-dcfa4deecd36" />
    <UnitTestResult executionId="5dc4e86d-55f8-4e6a-96ed-b706d2a48449" testId="bc18e6b6-f9fe-20c6-110c-a76b7d3a129c" testName="ViewModel_ImplementsIPanelView" computerName="DESKTOP-8TCJTKA" duration="00:00:00.0011082" startTime="2026-02-04T00:00:34.7041115-06:00" endTime="2026-02-04T00:00:34.7053280-06:00" testType="13cdc9d9-ddb5-4fa4-a97d-d965ccfc6d4b" outcome="Passed" testListId="8c84fa94-04c1-424b-9868-57a2d4851a1d" relativeResultsDirectory="5dc4e86d-55f8-4e6a-96ed-b706d2a48449">
      <Output>
        <StdOut>TestContext Messages:&#xD;
Starting test: ViewModel_ImplementsIPanelView&#xD;
Completed test: ViewModel_ImplementsIPanelView</StdOut>
      </Output>
    </UnitTestResult>
    <UnitTestResult executionId="2555d101-1fe3-4029-abc3-2cc60736c172" testId="1c5f6bdb-90cf-c216-615a-8738426b16c1" testName="SetPlayheadAsync_CallsBackendWithCorrectPosition" computerName="DESKTOP-8TCJTKA" duration="00:00:00.0015818" startTime="2026-02-04T00:00:34.8311031-06:00" endTime="2026-02-04T00:00:34.8327460-06:00" testType="13cdc9d9-ddb5-4fa4-a97d-d965ccfc6d4b" outcome="Passed" testListId="8c84fa94-04c1-424b-9868-57a2d4851a1d" relativeResultsDirectory="2555d101-1fe3-4029-abc3-2cc60736c172" />
    <UnitTestResult executionId="4e1a7ccc-d119-47e3-8b3a-fd72a6b480cf" testId="91858778-ebd0-4412-1d07-757ea3c841d3" testName="GetTrainingStatusAsync_ReturnsCompleted_WhenDone" computerName="DESKTOP-8TCJTKA" duration="00:00:00.0006795" startTime="2026-02-04T00:00:34.7112491-06:00" endTime="2026-02-04T00:00:34.7120172-06:00" testType="13cdc9d9-ddb5-4fa4-a97d-d965ccfc6d4b" outcome="Passed" testListId="8c84fa94-04c1-424b-9868-57a2d4851a1d" relativeResultsDirectory="4e1a7ccc-d119-47e3-8b3a-fd72a6b480cf" />
    <UnitTestResult executionId="e5a47833-d722-497f-9ac5-eccfb946165e" testId="126ffada-cfee-1be8-dbc7-827097641a87" testName="UpdateEffectChainAsync_ReturnsUpdatedChain" computerName="DESKTOP-8TCJTKA" duration="00:00:00.0007499" startTime="2026-02-04T00:00:34.1211276-06:00" endTime="2026-02-04T00:00:34.1219178-06:00" testType="13cdc9d9-ddb5-4fa4-a97d-d965ccfc6d4b" outcome="Passed" testListId="8c84fa94-04c1-424b-9868-57a2d4851a1d" relativeResultsDirectory="e5a47833-d722-497f-9ac5-eccfb946165e" />
    <UnitTestResult executionId="90389d05-a738-478e-ac9b-568820184dd3" testId="a0030ecb-5021-e031-c48d-8d837a3a5f55" testName="DeleteFolderAsync_ThrowsArgumentException_WhenFolderIdIsEmpty" computerName="DESKTOP-8TCJTKA" duration="00:00:00.0006927" startTime="2026-02-04T00:00:34.7977040-06:00" endTime="2026-02-04T00:00:34.7984766-06:00" testType="13cdc9d9-ddb5-4fa4-a97d-d965ccfc6d4b" outcome="Passed" testListId="8c84fa94-04c1-424b-9868-57a2d4851a1d" relativeResultsDirectory="90389d05-a738-478e-ac9b-568820184dd3" />
    <UnitTestResult executionId="2533d819-9601-4e84-88c9-6138dcac78c1" testId="1adef8d1-4342-c685-b2c4-21be4c31169a" testName="CanSynthesize_WithNoProfile_ReturnsFalse" computerName="DESKTOP-8TCJTKA" duration="00:00:00.0005717" startTime="2026-02-04T00:00:34.7462542-06:00" endTime="2026-02-04T00:00:34.7468863-06:00" testType="13cdc9d9-ddb5-4fa4-a97d-d965ccfc6d4b" outcome="Passed" testListId="8c84fa94-04c1-424b-9868-57a2d4851a1d" relativeResultsDirectory="2533d819-9601-4e84-88c9-6138dcac78c1" />
    <UnitTestResult executionId="1429277c-a801-4e86-be1e-6848f8d01d15" testId="0c4b3e2f-be31-5e7f-aa8c-92d9eab8c3c6" testName="ToggleEngineSelection_AddsEngine_WhenNotSelected" computerName="DESKTOP-8TCJTKA" duration="00:00:00.0005067" startTime="2026-02-04T00:00:34.7596673-06:00" endTime="2026-02-04T00:00:34.7602296-06:00" testType="13cdc9d9-ddb5-4fa4-a97d-d965ccfc6d4b" outcome="Passed" testListId="8c84fa94-04c1-424b-9868-57a2d4851a1d" relativeResultsDirectory="1429277c-a801-4e86-be1e-6848f8d01d15" />
    <UnitTestResult executionId="5642dca1-1c45-4668-a8d1-e24eeeb3877c" testId="5c66969a-da15-2aeb-d1ef-6fe79df9890b" testName="DeleteTranscriptionAsync_ReturnsTrue_OnSuccess" computerName="DESKTOP-8TCJTKA" duration="00:00:00.0004952" startTime="2026-02-04T00:00:34.7256000-06:00" endTime="2026-02-04T00:00:34.7261561-06:00" testType="13cdc9d9-ddb5-4fa4-a97d-d965ccfc6d4b" outcome="Passed" testListId="8c84fa94-04c1-424b-9868-57a2d4851a1d" relativeResultsDirectory="5642dca1-1c45-4668-a8d1-e24eeeb3877c" />
    <UnitTestResult executionId="f26f76e4-d03e-4d49-9f92-3dc1cad25043" testId="f9ab833b-df15-9cc8-f558-a62d8cbbb6e6" testName="GetBatchJobsAsync_FiltersByStatus" computerName="DESKTOP-8TCJTKA" duration="00:00:00.0023660" startTime="2026-02-04T00:00:34.0851864-06:00" endTime="2026-02-04T00:00:34.0876734-06:00" testType="13cdc9d9-ddb5-4fa4-a97d-d965ccfc6d4b" outcome="Passed" testListId="8c84fa94-04c1-424b-9868-57a2d4851a1d" relativeResultsDirectory="f26f76e4-d03e-4d49-9f92-3dc1cad25043" />
    <UnitTestResult executionId="154d4907-7773-4f97-86e0-68344b61d472" testId="dc303fdd-a2c1-5dc1-26f2-e6c2bdc6b0e6" testName="BatchJob_ProgressIsWithinRange" computerName="DESKTOP-8TCJTKA" duration="00:00:00.0000808" startTime="2026-02-04T00:00:34.0939896-06:00" endTime="2026-02-04T00:00:34.0941137-06:00" testType="13cdc9d9-ddb5-4fa4-a97d-d965ccfc6d4b" outcome="Passed" testListId="8c84fa94-04c1-424b-9868-57a2d4851a1d" relativeResultsDirectory="154d4907-7773-4f97-86e0-68344b61d472" />
    <UnitTestResult executionId="ffcd66f5-96c4-41a9-a963-59c2e7b9e648" testId="fb310f93-bdbc-3eed-eb85-9fd2ea82eb69" testName="Similarity_WhenHasValue_ReturnsFormattedPercentage" computerName="DESKTOP-8TCJTKA" duration="00:00:00.0004331" startTime="2026-02-04T00:00:34.7570835-06:00" endTime="2026-02-04T00:00:34.7575921-06:00" testType="13cdc9d9-ddb5-4fa4-a97d-d965ccfc6d4b" outcome="Passed" testListId="8c84fa94-04c1-424b-9868-57a2d4851a1d" relativeResultsDirectory="ffcd66f5-96c4-41a9-a963-59c2e7b9e648" />
    <UnitTestResult executionId="9d812062-3bcc-49ba-9dfd-5a99bc9072a1" testId="180723df-a689-1007-0653-73ebb7658fe1" testName="Constructor_WithValidDependencies_CreatesInstance" computerName="DESKTOP-8TCJTKA" duration="00:00:00.0120547" startTime="2026-02-04T00:00:34.7303109-06:00" endTime="2026-02-04T00:00:34.7426967-06:00" testType="13cdc9d9-ddb5-4fa4-a97d-d965ccfc6d4b" outcome="Passed" testListId="8c84fa94-04c1-424b-9868-57a2d4851a1d" relativeResultsDirectory="9d812062-3bcc-49ba-9dfd-5a99bc9072a1" />
    <UnitTestResult executionId="05443096-1340-4d52-a797-7fcdf4b9bc7b" testId="0c5c217d-c327-9cfa-e76e-04d945ac7317" testName="GetBatchJobQualityAsync_ReturnsQualityReport" computerName="DESKTOP-8TCJTKA" duration="00:00:00.0020798" startTime="2026-02-04T00:00:34.0885006-06:00" endTime="2026-02-04T00:00:34.0906558-06:00" testType="13cdc9d9-ddb5-4fa4-a97d-d965ccfc6d4b" outcome="Passed" testListId="8c84fa94-04c1-424b-9868-57a2d4851a1d" relativeResultsDirectory="05443096-1340-4d52-a797-7fcdf4b9bc7b" />
    <UnitTestResult executionId="666f4be2-ed3b-472d-b8b8-686abb6f0f83" testId="803a9632-0e33-b2b6-dd69-ef7f4081934a" testName="GetStateAsync_ReturnsEmptyState_WhenBackendReturnsNull" computerName="DESKTOP-8TCJTKA" duration="00:00:00.0014164" startTime="2026-02-04T00:00:34.8150670-06:00" endTime="2026-02-04T00:00:34.8166608-06:00" testType="13cdc9d9-ddb5-4fa4-a97d-d965ccfc6d4b" outcome="Passed" testListId="8c84fa94-04c1-424b-9868-57a2d4851a1d" relativeResultsDirectory="666f4be2-ed3b-472d-b8b8-686abb6f0f83" />
    <UnitTestResult executionId="4eca2806-5f83-4236-96c9-8e8557df9a7e" testId="504c0089-9925-537e-1366-38b0ad1c5714" testName="BatchJob_StatusEnumValues" computerName="DESKTOP-8TCJTKA" duration="00:00:00.0000686" startTime="2026-02-04T00:00:34.1176622-06:00" endTime="2026-02-04T00:00:34.1178167-06:00" testType="13cdc9d9-ddb5-4fa4-a97d-d965ccfc6d4b" outcome="Passed" testListId="8c84fa94-04c1-424b-9868-57a2d4851a1d" relativeResultsDirectory="4eca2806-5f83-4236-96c9-8e8557df9a7e" />
    <UnitTestResult executionId="ac9fec27-381f-44ad-9159-1d3ffca0f09b" testId="9fc3a64d-0b51-cfa6-f621-c238c4b18791" testName="GetBatchJobsAsync_FiltersByProjectId" computerName="DESKTOP-8TCJTKA" duration="00:00:00.0006726" startTime="2026-02-04T00:00:34.0877227-06:00" endTime="2026-02-04T00:00:34.0884788-06:00" testType="13cdc9d9-ddb5-4fa4-a97d-d965ccfc6d4b" outcome="Passed" testListId="8c84fa94-04c1-424b-9868-57a2d4851a1d" relativeResultsDirectory="ac9fec27-381f-44ad-9159-1d3ffca0f09b" />
    <UnitTestResult executionId="14046c2c-3181-48f1-95aa-f4abd6b1e547" testId="327d819d-fff0-2645-ed26-7c8b041a5c5e" testName="ProcessAudioWithChainAsync_WithOutputFilename_UsesFilename" computerName="DESKTOP-8TCJTKA" duration="00:00:00.0007461" startTime="2026-02-04T00:00:34.1257059-06:00" endTime="2026-02-04T00:00:34.1265167-06:00" testType="13cdc9d9-ddb5-4fa4-a97d-d965ccfc6d4b" outcome="Passed" testListId="8c84fa94-04c1-424b-9868-57a2d4851a1d" relativeResultsDirectory="14046c2c-3181-48f1-95aa-f4abd6b1e547" />
    <UnitTestResult executionId="aaae7bab-800f-4f9d-ad53-6a79c1d03a13" testId="fe20d5ac-ad74-619d-0f7c-6aeb9a971f71" testName="GetModelsAsync_ReturnsListOfModels" computerName="DESKTOP-8TCJTKA" duration="00:00:00.0019264" startTime="2026-02-04T00:00:34.7137830-06:00" endTime="2026-02-04T00:00:34.7157940-06:00" testType="13cdc9d9-ddb5-4fa4-a97d-d965ccfc6d4b" outcome="Passed" testListId="8c84fa94-04c1-424b-9868-57a2d4851a1d" relativeResultsDirectory="aaae7bab-800f-4f9d-ad53-6a79c1d03a13" />
    <UnitTestResult executionId="3c3e84b5-4b63-41f3-9aec-42a4d5d0e539" testId="71993c54-30af-5cf8-24b1-295e010c2984" testName="ViewModel_CommandExecution_CompletesSuccessfully" computerName="DESKTOP-8TCJTKA" duration="00:00:00.0001802" startTime="2026-02-04T00:00:34.1314439-06:00" endTime="2026-02-04T00:00:34.1316670-06:00" testType="13cdc9d9-ddb5-4fa4-a97d-d965ccfc6d4b" outcome="Passed" testListId="8c84fa94-04c1-424b-9868-57a2d4851a1d" relativeResultsDirectory="3c3e84b5-4b63-41f3-9aec-42a4d5d0e539" />
    <UnitTestResult executionId="50b300e7-871f-428c-947d-d8fd4b9de0fb" testId="d4bd3566-be3e-0e13-8217-7a3dae8692d7" testName="ExportAsync_ReturnsOutputPath" computerName="DESKTOP-8TCJTKA" duration="00:00:00.0012090" startTime="2026-02-04T00:00:34.8327754-06:00" endTime="2026-02-04T00:00:34.8340409-06:00" testType="13cdc9d9-ddb5-4fa4-a97d-d965ccfc6d4b" outcome="Failed" testListId="8c84fa94-04c1-424b-9868-57a2d4851a1d" relativeResultsDirectory="50b300e7-871f-428c-947d-d8fd4b9de0fb">
      <Output>
        <ErrorInfo>
          <Message>Test method VoiceStudio.App.Tests.UseCases.TimelineUseCaseTests.ExportAsync_ReturnsOutputPath threw exception: &#xD;
System.InvalidCastException: Unable to cast object of type 'System.Threading.Tasks.Task`1[System.Object]' to type 'System.Threading.Tasks.Task`1[VoiceStudio.App.UseCases.TimelineUseCase+ExportResponse]'.</Message>
          <StackTrace>    at Castle.Proxies.IBackendClientProxy.PostAsync[TRequest,TResponse](String endpoint, TRequest request, CancellationToken cancellationToken)&#xD;
   at VoiceStudio.App.UseCases.TimelineUseCase.ExportAsync(String outputPath, ExportOptions options, CancellationToken cancellationToken) in E:\VoiceStudio\src\VoiceStudio.App\UseCases\TimelineUseCase.cs:line 109&#xD;
   at VoiceStudio.App.Tests.UseCases.TimelineUseCaseTests.ExportAsync_ReturnsOutputPath() in E:\VoiceStudio\src\VoiceStudio.App.Tests\UseCases\TimelineUseCaseTests.cs:line 237&#xD;
</StackTrace>
        </ErrorInfo>
      </Output>
    </UnitTestResult>
    <UnitTestResult executionId="c759db47-7c00-4f0f-a24c-f3c883f486a0" testId="5c629100-1a01-fa69-d682-da39e64d3574" testName="ProfilesViewModel_Initialization_Succeeds" computerName="DESKTOP-8TCJTKA" duration="00:00:00.0525011" startTime="2026-02-04T00:00:34.6026753-06:00" endTime="2026-02-04T00:00:34.6555325-06:00" testType="13cdc9d9-ddb5-4fa4-a97d-d965ccfc6d4b" outcome="Passed" testListId="8c84fa94-04c1-424b-9868-57a2d4851a1d" relativeResultsDirectory="c759db47-7c00-4f0f-a24c-f3c883f486a0">
      <Output>
        <StdOut>TestContext Messages:&#xD;
Starting test: ProfilesViewModel_Initialization_Succeeds&#xD;
Completed test: ProfilesViewModel_Initialization_Succeeds</StdOut>
      </Output>
    </UnitTestResult>
    <UnitTestResult executionId="8dea9bc6-e00f-4246-a318-e9510e75fe03" testId="a018abf4-372e-8fe0-0d52-e3123858e4a5" testName="CreateFolderAsync_ThrowsArgumentException_WhenNameIsNull" computerName="DESKTOP-8TCJTKA" duration="00:00:00.0004858" startTime="2026-02-04T00:00:34.7937727-06:00" endTime="2026-02-04T00:00:34.7943968-06:00" testType="13cdc9d9-ddb5-4fa4-a97d-d965ccfc6d4b" outcome="Passed" testListId="8c84fa94-04c1-424b-9868-57a2d4851a1d" relativeResultsDirectory="8dea9bc6-e00f-4246-a318-e9510e75fe03" />
    <UnitTestResult executionId="6fd094dd-c8ec-42c9-be24-f72f4f5d6f80" testId="112f7182-386f-dbf6-8b46-e0309cd2b6e5" testName="ExportItemsAsync_ReturnsInputPath_WhenNoItemsProvided" computerName="DESKTOP-8TCJTKA" duration="00:00:00.0005262" startTime="2026-02-04T00:00:34.8144296-06:00" endTime="2026-02-04T00:00:34.8150312-06:00" testType="13cdc9d9-ddb5-4fa4-a97d-d965ccfc6d4b" outcome="Passed" testListId="8c84fa94-04c1-424b-9868-57a2d4851a1d" relativeResultsDirectory="6fd094dd-c8ec-42c9-be24-f72f4f5d6f80" />
    <UnitTestResult executionId="1dff63c4-5efe-4e5b-99d7-61ad3a8176b0" testId="7cb48da9-6927-24e4-d611-ff6cb95b84de" testName="ListFoldersAsync_ReturnsEmptyList_WhenBackendReturnsNull" computerName="DESKTOP-8TCJTKA" duration="00:00:00.0267337" startTime="2026-02-04T00:00:34.7640251-06:00" endTime="2026-02-04T00:00:34.7909780-06:00" testType="13cdc9d9-ddb5-4fa4-a97d-d965ccfc6d4b" outcome="Passed" testListId="8c84fa94-04c1-424b-9868-57a2d4851a1d" relativeResultsDirectory="1dff63c4-5efe-4e5b-99d7-61ad3a8176b0" />
    <UnitTestResult executionId="7418e8d3-c923-468a-b757-920d5165d443" testId="363a65ec-bb67-6fd4-6fb6-fa37c5ced43c" testName="RenameFolderAsync_ThrowsArgumentException_WhenNewNameIsEmpty" computerName="DESKTOP-8TCJTKA" duration="00:00:00.0003692" startTime="2026-02-04T00:00:34.7971807-06:00" endTime="2026-02-04T00:00:34.7976706-06:00" testType="13cdc9d9-ddb5-4fa4-a97d-d965ccfc6d4b" outcome="Passed" testListId="8c84fa94-04c1-424b-9868-57a2d4851a1d" relativeResultsDirectory="7418e8d3-c923-468a-b757-920d5165d443" />
    <UnitTestResult executionId="d5e98bf8-bd55-4e79-95ae-11ab77dc0f5f" testId="c7ce3812-bc99-fdef-c342-2b096f074200" testName="TranscribeAudioAsync_WithProjectId_IncludesProjectId" computerName="DESKTOP-8TCJTKA" duration="00:00:00.0009742" startTime="2026-02-04T00:00:34.7214180-06:00" endTime="2026-02-04T00:00:34.7224755-06:00" testType="13cdc9d9-ddb5-4fa4-a97d-d965ccfc6d4b" outcome="Passed" testListId="8c84fa94-04c1-424b-9868-57a2d4851a1d" relativeResultsDirectory="d5e98bf8-bd55-4e79-95ae-11ab77dc0f5f" />
    <UnitTestResult executionId="0a81cce2-cac3-43de-bbc2-da7a0bcf94dc" testId="d5bd1a24-0d28-1066-6143-e1e6899b6b66" testName="SearchQuery_TooShort_DoesNotSearch" computerName="DESKTOP-8TCJTKA" duration="00:00:00.1149836" startTime="2026-02-04T00:00:34.2450902-06:00" endTime="2026-02-04T00:00:34.3601861-06:00" testType="13cdc9d9-ddb5-4fa4-a97d-d965ccfc6d4b" outcome="Passed" testListId="8c84fa94-04c1-424b-9868-57a2d4851a1d" relativeResultsDirectory="0a81cce2-cac3-43de-bbc2-da7a0bcf94dc">
      <Output>
        <StdOut>TestContext Messages:&#xD;
Starting test: SearchQuery_TooShort_DoesNotSearch&#xD;
Completed test: SearchQuery_TooShort_DoesNotSearch</StdOut>
      </Output>
    </UnitTestResult>
    <UnitTestResult executionId="87bd37af-988c-48c2-aab8-1143241ae08b" testId="da78b270-d675-fe36-49ae-06dfb48274e2" testName="Effect_Enabled_CanBeToggled" computerName="DESKTOP-8TCJTKA" duration="00:00:00.0000684" startTime="2026-02-04T00:00:34.1307077-06:00" endTime="2026-02-04T00:00:34.1308082-06:00" testType="13cdc9d9-ddb5-4fa4-a97d-d965ccfc6d4b" outcome="Passed" testListId="8c84fa94-04c1-424b-9868-57a2d4851a1d" relativeResultsDirectory="87bd37af-988c-48c2-aab8-1143241ae08b" />
    <UnitTestResult executionId="bff983b4-d583-497f-85c9-2cf3b5560a07" testId="c14b0d55-125a-2c55-9134-80d0f1a6d474" testName="MosScore_WhenHasValue_ReturnsFormattedScore" computerName="DESKTOP-8TCJTKA" duration="00:00:00.0010902" startTime="2026-02-04T00:00:34.7544673-06:00" endTime="2026-02-04T00:00:34.7556247-06:00" testType="13cdc9d9-ddb5-4fa4-a97d-d965ccfc6d4b" outcome="Passed" testListId="8c84fa94-04c1-424b-9868-57a2d4851a1d" relativeResultsDirectory="bff983b4-d583-497f-85c9-2cf3b5560a07" />
    <UnitTestResult executionId="367e13f8-a492-4bfe-9cc4-7f631d862e02" testId="5d6c62be-1a71-0d76-2dcc-bcfcfc409450" testName="StartTrainingAsync_CallsBackend_WithCorrectRequest" computerName="DESKTOP-8TCJTKA" duration="00:00:00.0031891" startTime="2026-02-04T00:00:34.7053833-06:00" endTime="2026-02-04T00:00:34.7088571-06:00" testType="13cdc9d9-ddb5-4fa4-a97d-d965ccfc6d4b" outcome="Passed" testListId="8c84fa94-04c1-424b-9868-57a2d4851a1d" relativeResultsDirectory="367e13f8-a492-4bfe-9cc4-7f631d862e02" />
    <UnitTestResult executionId="ce23783e-9445-4530-abe4-ab41195574a3" testId="f57b5067-5d4e-03c0-692d-c191239d3871" testName="DeleteEffectChainAsync_ReturnsTrue_OnSuccess" computerName="DESKTOP-8TCJTKA" duration="00:00:00.0007891" startTime="2026-02-04T00:00:34.1219340-06:00" endTime="2026-02-04T00:00:34.1227621-06:00" testType="13cdc9d9-ddb5-4fa4-a97d-d965ccfc6d4b" outcome="Passed" testListId="8c84fa94-04c1-424b-9868-57a2d4851a1d" relativeResultsDirectory="ce23783e-9445-4530-abe4-ab41195574a3" />
    <UnitTestResult executionId="06de7f42-3972-4047-af52-5839d2261c59" testId="d3c30e84-cb03-9797-79c9-982e093f9870" testName="TranscriptionResponse_DefaultValues" computerName="DESKTOP-8TCJTKA" duration="00:00:00.0001061" startTime="2026-02-04T00:00:34.7283625-06:00" endTime="2026-02-04T00:00:34.7285394-06:00" testType="13cdc9d9-ddb5-4fa4-a97d-d965ccfc6d4b" outcome="Passed" testListId="8c84fa94-04c1-424b-9868-57a2d4851a1d" relativeResultsDirectory="06de7f42-3972-4047-af52-5839d2261c59" />
    <UnitTestResult executionId="b98a896e-00fe-4a73-8cf5-af30212a1cfa" testId="c70c55b6-a5d8-6a77-0b22-21ef25f24cec" testName="CanSynthesize_WithNoText_ReturnsFalse" computerName="DESKTOP-8TCJTKA" duration="00:00:00.0003257" startTime="2026-02-04T00:00:34.7469171-06:00" endTime="2026-02-04T00:00:34.7472990-06:00" testType="13cdc9d9-ddb5-4fa4-a97d-d965ccfc6d4b" outcome="Passed" testListId="8c84fa94-04c1-424b-9868-57a2d4851a1d" relativeResultsDirectory="b98a896e-00fe-4a73-8cf5-af30212a1cfa" />
    <UnitTestResult executionId="e0dcccce-eb34-4192-a30e-bed8f1116953" testId="a1ca63dd-87b9-632a-f6cb-e20a8a7d9032" testName="OnSearchQueryChanged_TriggersSearch" computerName="DESKTOP-8TCJTKA" duration="00:00:00.2147960" startTime="2026-02-04T00:00:34.3874833-06:00" endTime="2026-02-04T00:00:34.6025586-06:00" testType="13cdc9d9-ddb5-4fa4-a97d-d965ccfc6d4b" outcome="Passed" testListId="8c84fa94-04c1-424b-9868-57a2d4851a1d" relativeResultsDirectory="e0dcccce-eb34-4192-a30e-bed8f1116953">
      <Output>
        <StdOut>TestContext Messages:&#xD;
Starting test: OnSearchQueryChanged_TriggersSearch&#xD;
Completed test: OnSearchQueryChanged_TriggersSearch</StdOut>
      </Output>
    </UnitTestResult>
    <UnitTestResult executionId="5b60d66d-c4c2-425c-a683-6dbcf6ed1df5" testId="9fab0aaf-cd88-89af-f60e-f1c4757a7fc7" testName="WordTimestamp_DefaultValues" computerName="DESKTOP-8TCJTKA" duration="00:00:00.0001421" startTime="2026-02-04T00:00:34.7298676-06:00" endTime="2026-02-04T00:00:34.7300796-06:00" testType="13cdc9d9-ddb5-4fa4-a97d-d965ccfc6d4b" outcome="Passed" testListId="8c84fa94-04c1-424b-9868-57a2d4851a1d" relativeResultsDirectory="5b60d66d-c4c2-425c-a683-6dbcf6ed1df5" />
    <UnitTestResult executionId="08310a76-2a23-4a90-82ce-b1192800e530" testId="8519e65a-7aa0-03e5-aece-23943f749ca2" testName="CanSynthesize_WithWhitespaceText_ReturnsFalse" computerName="DESKTOP-8TCJTKA" duration="00:00:00.0002859" startTime="2026-02-04T00:00:34.7479445-06:00" endTime="2026-02-04T00:00:34.7482903-06:00" testType="13cdc9d9-ddb5-4fa4-a97d-d965ccfc6d4b" outcome="Passed" testListId="8c84fa94-04c1-424b-9868-57a2d4851a1d" relativeResultsDirectory="08310a76-2a23-4a90-82ce-b1192800e530" />
    <UnitTestResult executionId="a0f17cf5-d920-49a0-acd9-33e79582494d" testId="dec67eae-9abc-ba1a-4c9b-5e12f329ce52" testName="TrainingStatus_DefaultValues" computerName="DESKTOP-8TCJTKA" duration="00:00:00.0002272" startTime="2026-02-04T00:00:34.7190101-06:00" endTime="2026-02-04T00:00:34.7192834-06:00" testType="13cdc9d9-ddb5-4fa4-a97d-d965ccfc6d4b" outcome="Passed" testListId="8c84fa94-04c1-424b-9868-57a2d4851a1d" relativeResultsDirectory="a0f17cf5-d920-49a0-acd9-33e79582494d" />
    <UnitTestResult executionId="8cc85ca9-d2bc-42cf-a219-343b513aa23f" testId="61783af7-9da0-a930-0b3f-7169bf0cc5fc" testName="IsEmotionSupported_WithXtts_ReturnsTrue" computerName="DESKTOP-8TCJTKA" duration="00:00:00.0004857" startTime="2026-02-04T00:00:34.7525449-06:00" endTime="2026-02-04T00:00:34.7531391-06:00" testType="13cdc9d9-ddb5-4fa4-a97d-d965ccfc6d4b" outcome="Passed" testListId="8c84fa94-04c1-424b-9868-57a2d4851a1d" relativeResultsDirectory="8cc85ca9-d2bc-42cf-a219-343b513aa23f" />
    <UnitTestResult executionId="d0201a1f-2620-4e99-b403-754e6146f310" testId="ba2c2320-1c4f-f710-ce45-2cb122a169f2" testName="Constructor_WithNullBackendClient_ThrowsArgumentNullException" computerName="DESKTOP-8TCJTKA" duration="00:00:00.0012961" startTime="2026-02-04T00:00:34.7427858-06:00" endTime="2026-02-04T00:00:34.7442585-06:00" testType="13cdc9d9-ddb5-4fa4-a97d-d965ccfc6d4b" outcome="Passed" testListId="8c84fa94-04c1-424b-9868-57a2d4851a1d" relativeResultsDirectory="d0201a1f-2620-4e99-b403-754e6146f310" />
    <UnitTestResult executionId="873973c0-4839-4245-a429-daad4b5edbaf" testId="df668ca4-da11-d762-5b13-7b5500fbb711" testName="Effect_WithParameters" computerName="DESKTOP-8TCJTKA" duration="00:00:00.0001429" startTime="2026-02-04T00:00:34.1300524-06:00" endTime="2026-02-04T00:00:34.1302246-06:00" testType="13cdc9d9-ddb5-4fa4-a97d-d965ccfc6d4b" outcome="Passed" testListId="8c84fa94-04c1-424b-9868-57a2d4851a1d" relativeResultsDirectory="873973c0-4839-4245-a429-daad4b5edbaf" />
    <UnitTestResult executionId="40596431-edb3-405b-994d-317f21e2471a" testId="2fb2a5d6-5104-52ac-5fc4-74a85351cf49" testName="GetEffectPresetsAsync_FiltersByEffectType" computerName="DESKTOP-8TCJTKA" duration="00:00:00.0005559" startTime="2026-02-04T00:00:34.1274530-06:00" endTime="2026-02-04T00:00:34.1280525-06:00" testType="13cdc9d9-ddb5-4fa4-a97d-d965ccfc6d4b" outcome="Passed" testListId="8c84fa94-04c1-424b-9868-57a2d4851a1d" relativeResultsDirectory="40596431-edb3-405b-994d-317f21e2471a" />
    <UnitTestResult executionId="e7e939e8-747d-43ca-a6a8-61355646bb08" testId="caedc543-94ff-a106-34c8-7d6d7633db2f" testName="DeleteEffectPresetAsync_ReturnsTrue_OnSuccess" computerName="DESKTOP-8TCJTKA" duration="00:00:00.0004508" startTime="2026-02-04T00:00:34.1290988-06:00" endTime="2026-02-04T00:00:34.1295918-06:00" testType="13cdc9d9-ddb5-4fa4-a97d-d965ccfc6d4b" outcome="Passed" testListId="8c84fa94-04c1-424b-9868-57a2d4851a1d" relativeResultsDirectory="e7e939e8-747d-43ca-a6a8-61355646bb08" />
    <UnitTestResult executionId="cb5c6cc2-fee0-4e4b-9ee0-6db9840da4f4" testId="0bda52e5-cb56-953e-3d6b-f3c3bd3e904e" testName="ToggleEngineSelection_RemovesEngine_WhenAlreadySelected" computerName="DESKTOP-8TCJTKA" duration="00:00:00.0003750" startTime="2026-02-04T00:00:34.7602545-06:00" endTime="2026-02-04T00:00:34.7606870-06:00" testType="13cdc9d9-ddb5-4fa4-a97d-d965ccfc6d4b" outcome="Passed" testListId="8c84fa94-04c1-424b-9868-57a2d4851a1d" relativeResultsDirectory="cb5c6cc2-fee0-4e4b-9ee0-6db9840da4f4" />
    <UnitTestResult executionId="99aaf976-1258-4006-a03c-dff834bd7e54" testId="4fac1f8b-0079-bf1a-1f42-1131f1b161ad" testName="CanSynthesize_WithValidState_ReturnsTrue" computerName="DESKTOP-8TCJTKA" duration="00:00:00.0002520" startTime="2026-02-04T00:00:34.7486764-06:00" endTime="2026-02-04T00:00:34.7489751-06:00" testType="13cdc9d9-ddb5-4fa4-a97d-d965ccfc6d4b" outcome="Passed" testListId="8c84fa94-04c1-424b-9868-57a2d4851a1d" relativeResultsDirectory="99aaf976-1258-4006-a03c-dff834bd7e54" />
    <UnitTestResult executionId="f66f93fa-7d95-4591-8ec0-73cb34bb6f34" testId="f9f38717-c2d2-14d9-7db9-8106eb6cf0b3" testName="GetBatchQualityStatisticsAsync_ReturnsStatistics" computerName="DESKTOP-8TCJTKA" duration="00:00:00.0010155" startTime="2026-02-04T00:00:34.0907004-06:00" endTime="2026-02-04T00:00:34.0917856-06:00" testType="13cdc9d9-ddb5-4fa4-a97d-d965ccfc6d4b" outcome="Passed" testListId="8c84fa94-04c1-424b-9868-57a2d4851a1d" relativeResultsDirectory="f66f93fa-7d95-4591-8ec0-73cb34bb6f34" />
    <UnitTestResult executionId="23b274a2-a79c-4cc0-87f6-205000ee7217" testId="861f1a39-aef0-99d5-02b4-c5a871551570" testName="CreateBatchJobAsync_CallsBackend_WithCorrectRequest" computerName="DESKTOP-8TCJTKA" duration="00:00:00.0020131" startTime="2026-02-04T00:00:34.0800319-06:00" endTime="2026-02-04T00:00:34.0822564-06:00" testType="13cdc9d9-ddb5-4fa4-a97d-d965ccfc6d4b" outcome="Passed" testListId="8c84fa94-04c1-424b-9868-57a2d4851a1d" relativeResultsDirectory="23b274a2-a79c-4cc0-87f6-205000ee7217" />
    <UnitTestResult executionId="64d67975-ce4f-4585-ad8d-f645101e939c" testId="eaf850d3-6240-bf6e-945a-a147a8c52014" testName="SearchQuery_Empty_DoesNotSearch" computerName="DESKTOP-8TCJTKA" duration="00:00:00.1130708" startTime="2026-02-04T00:00:34.1316824-06:00" endTime="2026-02-04T00:00:34.2448959-06:00" testType="13cdc9d9-ddb5-4fa4-a97d-d965ccfc6d4b" outcome="Passed" testListId="8c84fa94-04c1-424b-9868-57a2d4851a1d" relativeResultsDirectory="64d67975-ce4f-4585-ad8d-f645101e939c">
      <Output>
        <StdOut>TestContext Messages:&#xD;
Starting test: SearchQuery_Empty_DoesNotSearch&#xD;
Completed test: SearchQuery_Empty_DoesNotSearch</StdOut>
      </Output>
    </UnitTestResult>
    <UnitTestResult executionId="30f98faa-a5a3-49e0-bcd6-0a0bb2a9511f" testId="22546df7-3cb7-4ca0-deac-ab2e0b6e9103" testName="GetBatchJobsAsync_ReturnsListOfJobs" computerName="DESKTOP-8TCJTKA" duration="00:00:00.0025305" startTime="2026-02-04T00:00:34.0824670-06:00" endTime="2026-02-04T00:00:34.0851207-06:00" testType="13cdc9d9-ddb5-4fa4-a97d-d965ccfc6d4b" outcome="Passed" testListId="8c84fa94-04c1-424b-9868-57a2d4851a1d" relativeResultsDirectory="30f98faa-a5a3-49e0-bcd6-0a0bb2a9511f" />
  </Results>
  <TestDefinitions>
    <UnitTest name="GetStateAsync_ReturnsEmptyState_WhenBackendReturnsNull" storage="e:\voicestudio\src\voicestudio.app.tests\bin\x64\debug\net8.0-windows10.0.19041.0\voicestudio.app.tests.dll" id="803a9632-0e33-b2b6-dd69-ef7f4081934a">
      <Execution id="666f4be2-ed3b-472d-b8b8-686abb6f0f83" />
      <TestMethod codeBase="E:\VoiceStudio\src\VoiceStudio.App.Tests\bin\x64\Debug\net8.0-windows10.0.19041.0\VoiceStudio.App.Tests.dll" adapterTypeName="executor://mstestadapter/v2" className="VoiceStudio.App.Tests.UseCases.TimelineUseCaseTests" name="GetStateAsync_ReturnsEmptyState_WhenBackendReturnsNull" />
    </UnitTest>
    <UnitTest name="Effect_Enabled_CanBeToggled" storage="e:\voicestudio\src\voicestudio.app.tests\bin\x64\debug\net8.0-windows10.0.19041.0\voicestudio.app.tests.dll" id="da78b270-d675-fe36-49ae-06dfb48274e2">
      <Execution id="87bd37af-988c-48c2-aab8-1143241ae08b" />
      <TestMethod codeBase="E:\VoiceStudio\src\VoiceStudio.App.Tests\bin\x64\Debug\net8.0-windows10.0.19041.0\VoiceStudio.App.Tests.dll" adapterTypeName="executor://mstestadapter/v2" className="VoiceStudio.App.Tests.ViewModels.EffectsMixerViewModelTests" name="Effect_Enabled_CanBeToggled" />
    </UnitTest>
    <UnitTest name="RetryBatchJobWithQualityAsync_ReturnsNewJob" storage="e:\voicestudio\src\voicestudio.app.tests\bin\x64\debug\net8.0-windows10.0.19041.0\voicestudio.app.tests.dll" id="12979020-d60a-bf62-04ea-e108f4128e79">
      <Execution id="77919435-cafe-469f-8cdd-4fc7a8729ce0" />
      <TestMethod codeBase="E:\VoiceStudio\src\VoiceStudio.App.Tests\bin\x64\Debug\net8.0-windows10.0.19041.0\VoiceStudio.App.Tests.dll" adapterTypeName="executor://mstestadapter/v2" className="VoiceStudio.App.Tests.ViewModels.BatchProcessingViewModelTests" name="RetryBatchJobWithQualityAsync_ReturnsNewJob" />
    </UnitTest>
    <UnitTest name="ViewModel_CommandExecution_CompletesSuccessfully" storage="e:\voicestudio\src\voicestudio.app.tests\bin\x64\debug\net8.0-windows10.0.19041.0\voicestudio.app.tests.dll" id="71993c54-30af-5cf8-24b1-295e010c2984">
      <Execution id="3c3e84b5-4b63-41f3-9aec-42a4d5d0e539" />
      <TestMethod codeBase="E:\VoiceStudio\src\VoiceStudio.App.Tests\bin\x64\Debug\net8.0-windows10.0.19041.0\VoiceStudio.App.Tests.dll" adapterTypeName="executor://mstestadapter/v2" className="VoiceStudio.App.Tests.ViewModels.ExampleViewModelTests" name="ViewModel_CommandExecution_CompletesSuccessfully" />
    </UnitTest>
    <UnitTest name="SetPlayheadAsync_CallsBackendWithCorrectPosition" storage="e:\voicestudio\src\voicestudio.app.tests\bin\x64\debug\net8.0-windows10.0.19041.0\voicestudio.app.tests.dll" id="1c5f6bdb-90cf-c216-615a-8738426b16c1">
      <Execution id="2555d101-1fe3-4029-abc3-2cc60736c172" />
      <TestMethod codeBase="E:\VoiceStudio\src\VoiceStudio.App.Tests\bin\x64\Debug\net8.0-windows10.0.19041.0\VoiceStudio.App.Tests.dll" adapterTypeName="executor://mstestadapter/v2" className="VoiceStudio.App.Tests.UseCases.TimelineUseCaseTests" name="SetPlayheadAsync_CallsBackendWithCorrectPosition" />
    </UnitTest>
    <UnitTest name="EffectPreset_DefaultValues" storage="e:\voicestudio\src\voicestudio.app.tests\bin\x64\debug\net8.0-windows10.0.19041.0\voicestudio.app.tests.dll" id="271392c7-f04d-8f05-8dfb-b0cf2963e635">
      <Execution id="16b72139-11da-482a-8f64-7d94622b9333" />
      <TestMethod codeBase="E:\VoiceStudio\src\VoiceStudio.App.Tests\bin\x64\Debug\net8.0-windows10.0.19041.0\VoiceStudio.App.Tests.dll" adapterTypeName="executor://mstestadapter/v2" className="VoiceStudio.App.Tests.ViewModels.EffectsMixerViewModelTests" name="EffectPreset_DefaultValues" />
    </UnitTest>
    <UnitTest name="SelectedEngine_DefaultValue_IsXtts" storage="e:\voicestudio\src\voicestudio.app.tests\bin\x64\debug\net8.0-windows10.0.19041.0\voicestudio.app.tests.dll" id="e65d71b3-79e9-899d-a4f0-2bc82d0de192">
      <Execution id="f4a8f577-f93e-47fe-85fc-40ded48f42b6" />
      <TestMethod codeBase="E:\VoiceStudio\src\VoiceStudio.App.Tests\bin\x64\Debug\net8.0-windows10.0.19041.0\VoiceStudio.App.Tests.dll" adapterTypeName="executor://mstestadapter/v2" className="VoiceStudio.App.Tests.ViewModels.VoiceSynthesisViewModelTests" name="SelectedEngine_DefaultValue_IsXtts" />
    </UnitTest>
    <UnitTest name="TranscriptionResponse_WithWordTimestamps" storage="e:\voicestudio\src\voicestudio.app.tests\bin\x64\debug\net8.0-windows10.0.19041.0\voicestudio.app.tests.dll" id="3872d986-34b4-677f-92ac-95c69e85347e">
      <Execution id="c762d145-df9b-45a8-8c2b-e70ade5090e5" />
      <TestMethod codeBase="E:\VoiceStudio\src\VoiceStudio.App.Tests\bin\x64\Debug\net8.0-windows10.0.19041.0\VoiceStudio.App.Tests.dll" adapterTypeName="executor://mstestadapter/v2" className="VoiceStudio.App.Tests.ViewModels.TranscribeViewModelTests" name="TranscriptionResponse_WithWordTimestamps" />
    </UnitTest>
    <UnitTest name="StartTrainingAsync_CallsBackend_WithCorrectRequest" storage="e:\voicestudio\src\voicestudio.app.tests\bin\x64\debug\net8.0-windows10.0.19041.0\voicestudio.app.tests.dll" id="5d6c62be-1a71-0d76-2dcc-bcfcfc409450">
      <Execution id="367e13f8-a492-4bfe-9cc4-7f631d862e02" />
      <TestMethod codeBase="E:\VoiceStudio\src\VoiceStudio.App.Tests\bin\x64\Debug\net8.0-windows10.0.19041.0\VoiceStudio.App.Tests.dll" adapterTypeName="executor://mstestadapter/v2" className="VoiceStudio.App.Tests.ViewModels.TrainingViewModelTests" name="StartTrainingAsync_CallsBackend_WithCorrectRequest" />
    </UnitTest>
    <UnitTest name="SearchAsync_SetsIsLoading" storage="e:\voicestudio\src\voicestudio.app.tests\bin\x64\debug\net8.0-windows10.0.19041.0\voicestudio.app.tests.dll" id="387f3bb5-4e23-f915-617c-db68e514aac6">
      <Execution id="3f4a39c2-0e92-42be-ad45-e82614c92a5b" />
      <TestMethod codeBase="E:\VoiceStudio\src\VoiceStudio.App.Tests\bin\x64\Debug\net8.0-windows10.0.19041.0\VoiceStudio.App.Tests.dll" adapterTypeName="executor://mstestadapter/v2" className="VoiceStudio.App.Tests.ViewModels.GlobalSearchViewModelTests" name="SearchAsync_SetsIsLoading" />
    </UnitTest>
    <UnitTest name="ProcessAudioWithChainAsync_WithOutputFilename_UsesFilename" storage="e:\voicestudio\src\voicestudio.app.tests\bin\x64\debug\net8.0-windows10.0.19041.0\voicestudio.app.tests.dll" id="327d819d-fff0-2645-ed26-7c8b041a5c5e">
      <Execution id="14046c2c-3181-48f1-95aa-f4abd6b1e547" />
      <TestMethod codeBase="E:\VoiceStudio\src\VoiceStudio.App.Tests\bin\x64\Debug\net8.0-windows10.0.19041.0\VoiceStudio.App.Tests.dll" adapterTypeName="executor://mstestadapter/v2" className="VoiceStudio.App.Tests.ViewModels.EffectsMixerViewModelTests" name="ProcessAudioWithChainAsync_WithOutputFilename_UsesFilename" />
    </UnitTest>
    <UnitTest name="BatchJob_ProgressIsWithinRange" storage="e:\voicestudio\src\voicestudio.app.tests\bin\x64\debug\net8.0-windows10.0.19041.0\voicestudio.app.tests.dll" id="dc303fdd-a2c1-5dc1-26f2-e6c2bdc6b0e6">
[...]
    <TestEntry testId="3710ed63-869d-b721-222e-b73c0b69e057" executionId="d36ba39a-3032-498d-8f44-72e8d00122e4" testListId="8c84fa94-04c1-424b-9868-57a2d4851a1d" />
    <TestEntry testId="8ef3113f-8ed8-4a69-58dd-cd7adad783e9" executionId="b6254a73-814c-4671-9a59-217d8be25743" testListId="8c84fa94-04c1-424b-9868-57a2d4851a1d" />
    <TestEntry testId="adb9c23e-54a9-20c0-02b8-33543260a0ce" executionId="a67c0833-57f0-4653-81c1-9e8cd2b736c0" testListId="8c84fa94-04c1-424b-9868-57a2d4851a1d" />
    <TestEntry testId="c97761a1-5ae7-ebaa-7e4b-07070d46ae08" executionId="3f369d28-0c0c-4e21-8cb6-4f069e8cf04c" testListId="8c84fa94-04c1-424b-9868-57a2d4851a1d" />
    <TestEntry testId="8f58e998-d824-b6a9-93f5-48c321f9c5c6" executionId="e6abf033-40b6-4d00-a5c3-5a206da60f8e" testListId="8c84fa94-04c1-424b-9868-57a2d4851a1d" />
    <TestEntry testId="1fbfde2e-0695-3ff9-7f9b-813b08971004" executionId="69ff9064-a47f-4863-8ca3-9bd8dcfa40c9" testListId="8c84fa94-04c1-424b-9868-57a2d4851a1d" />
    <TestEntry testId="b79302ba-0762-b5b9-ad6d-54a97a46a391" executionId="257d80dd-6bbe-4e6e-8505-f130b80b0d2b" testListId="8c84fa94-04c1-424b-9868-57a2d4851a1d" />
    <TestEntry testId="07588163-99ae-52eb-74e2-6d4e69cc5250" executionId="4306a70e-b629-4b27-8581-c020dfd029ce" testListId="8c84fa94-04c1-424b-9868-57a2d4851a1d" />
    <TestEntry testId="3872d986-34b4-677f-92ac-95c69e85347e" executionId="c762d145-df9b-45a8-8c2b-e70ade5090e5" testListId="8c84fa94-04c1-424b-9868-57a2d4851a1d" />
    <TestEntry testId="85ab1e85-0a6f-8c7f-c36b-9c376df67fb0" executionId="b8dbf05f-1bea-4ded-9008-df50515b8937" testListId="8c84fa94-04c1-424b-9868-57a2d4851a1d" />
    <TestEntry testId="04a1417e-23c4-20e4-5880-ae3e570b46e4" executionId="bacd5701-3eff-4731-b1a4-ffc2fd522099" testListId="8c84fa94-04c1-424b-9868-57a2d4851a1d" />
    <TestEntry testId="60964037-89ee-16ce-a394-679babb2a108" executionId="a535c2ad-fcc9-4ead-9ea9-3a6b819606fe" testListId="8c84fa94-04c1-424b-9868-57a2d4851a1d" />
    <TestEntry testId="a6ecc59f-6e38-fdbf-793b-25de2d06af38" executionId="6c8f4cf9-c6b3-4503-bc4a-278410e67639" testListId="8c84fa94-04c1-424b-9868-57a2d4851a1d" />
    <TestEntry testId="eca26150-35ff-f092-592b-f46f900caf18" executionId="a18f23a8-46a3-4879-aeb6-ecd97852f727" testListId="8c84fa94-04c1-424b-9868-57a2d4851a1d" />
    <TestEntry testId="6cb2c3ef-7d09-1b83-4d6d-83a176143a27" executionId="75921a10-3b14-44a7-8380-5624e13165b0" testListId="8c84fa94-04c1-424b-9868-57a2d4851a1d" />
    <TestEntry testId="61e0f908-b1a7-9e43-efdf-6994b76b5269" executionId="de85c81a-ee9a-4088-a029-25094c48d93d" testListId="8c84fa94-04c1-424b-9868-57a2d4851a1d" />
    <TestEntry testId="64c35621-8c1f-38a2-45d9-bf0c523dcdfa" executionId="916df061-fcd8-478a-9852-ed6e5a175993" testListId="8c84fa94-04c1-424b-9868-57a2d4851a1d" />
    <TestEntry testId="3e905cf9-ea66-ff1d-84ca-33da92e02cbe" executionId="6a238ccf-8b46-4f76-b3ae-64c9d1008c74" testListId="8c84fa94-04c1-424b-9868-57a2d4851a1d" />
    <TestEntry testId="032989eb-7e24-5939-a37f-85db7496bed1" executionId="6fe0f1f5-88d4-40b0-a0b4-438878c9e6ea" testListId="8c84fa94-04c1-424b-9868-57a2d4851a1d" />
    <TestEntry testId="3c6ee4d0-4a90-d18f-bcd8-90dc9b8ec27c" executionId="df9f9b09-a452-4b99-9734-6b8775ab6695" testListId="8c84fa94-04c1-424b-9868-57a2d4851a1d" />
    <TestEntry testId="2e4aee3e-d998-dad2-dedb-3555cda691f3" executionId="dc39d201-d91e-445e-a25b-b1b590ef42a2" testListId="8c84fa94-04c1-424b-9868-57a2d4851a1d" />
    <TestEntry testId="6c1d505b-3941-4cb9-7e9d-c6c428e4cbfd" executionId="d3d90152-17c8-49db-b86c-c214208353a6" testListId="8c84fa94-04c1-424b-9868-57a2d4851a1d" />
    <TestEntry testId="1b755152-f857-d872-3ac1-80a7e11a8c1d" executionId="af446dcf-6c92-45ac-924e-fdd99dd141e1" testListId="8c84fa94-04c1-424b-9868-57a2d4851a1d" />
    <TestEntry testId="85440089-ecee-c441-1007-d41303c6ce7d" executionId="7c6604bd-fcce-4aed-8b4b-924bae78adbf" testListId="8c84fa94-04c1-424b-9868-57a2d4851a1d" />
    <TestEntry testId="4ed52297-4031-8500-bbb8-aef6b72b7755" executionId="e8dac955-eea7-4c3b-9121-08bd7f0f6256" testListId="8c84fa94-04c1-424b-9868-57a2d4851a1d" />
    <TestEntry testId="537f07a4-eb89-c570-175b-7b6079a29061" executionId="1b879a27-4484-4a21-abaf-ad2ac43011bc" testListId="8c84fa94-04c1-424b-9868-57a2d4851a1d" />
    <TestEntry testId="8dda9451-be44-f1da-ab90-690b19b035d2" executionId="a0123160-6ea9-413b-90d8-25576c187fc1" testListId="8c84fa94-04c1-424b-9868-57a2d4851a1d" />
    <TestEntry testId="3aaf6f7e-55f7-2800-1826-90c33d229015" executionId="a8072c9b-2c48-4e9d-a2c7-67bd291424d7" testListId="8c84fa94-04c1-424b-9868-57a2d4851a1d" />
    <TestEntry testId="2d5a1ff7-bb4c-8925-9085-983ad91e64c9" executionId="61889e79-8217-4f1b-9692-131101046ec6" testListId="8c84fa94-04c1-424b-9868-57a2d4851a1d" />
    <TestEntry testId="c2e40806-e1b4-9ac3-dbe9-3ffd1451f687" executionId="f00b274b-7c31-4458-9dcd-60e7310af11f" testListId="8c84fa94-04c1-424b-9868-57a2d4851a1d" />
    <TestEntry testId="de3b40f2-6129-2a8e-b41f-a656f9933fff" executionId="3258cf17-c42e-4638-b0c8-cdb9f15374fc" testListId="8c84fa94-04c1-424b-9868-57a2d4851a1d" />
    <TestEntry testId="4f335c0c-656b-2640-b00b-8e593b48d599" executionId="61055ed6-4d8e-47fe-a8f8-9f8b7062c7e0" testListId="8c84fa94-04c1-424b-9868-57a2d4851a1d" />
    <TestEntry testId="7e381799-8e09-4fd8-ade5-4acb7c298259" executionId="05af84d0-64d4-490e-b586-d373400a3fe2" testListId="8c84fa94-04c1-424b-9868-57a2d4851a1d" />
    <TestEntry testId="9f6e0e9d-bda6-4cf2-23c1-06d0268b43d0" executionId="65b8268c-0d57-4b35-8e41-b25241c180d1" testListId="8c84fa94-04c1-424b-9868-57a2d4851a1d" />
    <TestEntry testId="0084c880-ca3c-84fa-fc77-3e4050412e66" executionId="f517cb48-b496-4589-a3ae-5bbaeca7ac41" testListId="8c84fa94-04c1-424b-9868-57a2d4851a1d" />
    <TestEntry testId="271392c7-f04d-8f05-8dfb-b0cf2963e635" executionId="16b72139-11da-482a-8f64-7d94622b9333" testListId="8c84fa94-04c1-424b-9868-57a2d4851a1d" />
    <TestEntry testId="428095ba-8e56-72ef-4205-1b8ba651e4b1" executionId="81c5df2e-aac7-478a-9795-5dfe2413eaa5" testListId="8c84fa94-04c1-424b-9868-57a2d4851a1d" />
    <TestEntry testId="b4d64fd7-1470-75a5-8440-f586b70c7a95" executionId="b81a1a2d-7eb2-4f95-9876-308ab98de089" testListId="8c84fa94-04c1-424b-9868-57a2d4851a1d" />
    <TestEntry testId="60eaa751-948a-7556-09d3-b2d076129010" executionId="6d66e18e-c584-49e2-88dc-3f09eb0dfff6" testListId="8c84fa94-04c1-424b-9868-57a2d4851a1d" />
    <TestEntry testId="adfc2d8a-44f4-1629-6e7e-a27bc006cfb1" executionId="112785fb-16a3-45f7-8003-bb1e91692d67" testListId="8c84fa94-04c1-424b-9868-57a2d4851a1d" />
    <TestEntry testId="22df8a96-0c8f-1d0f-9635-85042f811b78" executionId="5d8c144a-44f7-459e-b615-beb1a2d8ff4d" testListId="8c84fa94-04c1-424b-9868-57a2d4851a1d" />
    <TestEntry testId="eb793db3-d669-0a1e-d60a-8b757d6df4a5" executionId="6de0634c-3407-4c91-a74d-d79d62f9ebde" testListId="8c84fa94-04c1-424b-9868-57a2d4851a1d" />
    <TestEntry testId="c003df90-0b9d-3e81-c6ce-4a3e2a2c76e0" executionId="ee17f8c4-1dd9-4cb4-9641-5657e926b932" testListId="8c84fa94-04c1-424b-9868-57a2d4851a1d" />
    <TestEntry testId="b58609e5-9f41-721b-4447-4c0706e3ac06" executionId="c7c56c49-5eed-444c-9d34-5696dc1474ff" testListId="8c84fa94-04c1-424b-9868-57a2d4851a1d" />
    <TestEntry testId="a675417a-d7f0-6c13-8274-58f9f5fe8d22" executionId="b80e2ccb-6503-44dd-9de4-04cc96357b10" testListId="8c84fa94-04c1-424b-9868-57a2d4851a1d" />
    <TestEntry testId="db1db0cb-edac-9426-bcfa-d7c868036d60" executionId="f980dd96-8c3e-415c-8c65-eb85a184e757" testListId="8c84fa94-04c1-424b-9868-57a2d4851a1d" />
    <TestEntry testId="c8395f59-1e73-f763-beb8-8d1b312e7896" executionId="52a1d07c-8027-4990-8980-ae621bdc2d92" testListId="8c84fa94-04c1-424b-9868-57a2d4851a1d" />
    <TestEntry testId="fe06c041-8e8c-dff6-c0a0-170c86c585ed" executionId="3b785bc5-9221-4a31-888b-f8effa9cf3ea" testListId="8c84fa94-04c1-424b-9868-57a2d4851a1d" />
    <TestEntry testId="55a673b7-be52-035b-81c3-15e08a075fd2" executionId="1be06ecb-2ed6-43b0-8f44-1c52aeda8503" testListId="8c84fa94-04c1-424b-9868-57a2d4851a1d" />
    <TestEntry testId="9ae3f8b9-d3d8-9902-086b-d8011c52975b" executionId="fe0042ea-6387-49f1-88a5-6563138c9434" testListId="8c84fa94-04c1-424b-9868-57a2d4851a1d" />
    <TestEntry testId="073386ef-4834-5b22-fd7d-5e98c7767c56" executionId="a0f274a0-d75c-4cfe-ac97-ddbd401df21e" testListId="8c84fa94-04c1-424b-9868-57a2d4851a1d" />
    <TestEntry testId="5dc612d7-de56-7bc5-ea41-a028641aa51b" executionId="e109e2c5-290a-4075-9c07-76140f4532dc" testListId="8c84fa94-04c1-424b-9868-57a2d4851a1d" />
    <TestEntry testId="1e857f70-3505-6d70-5571-54629384366d" executionId="70da80bf-e2c3-4c6a-832e-d0aeff96b243" testListId="8c84fa94-04c1-424b-9868-57a2d4851a1d" />
    <TestEntry testId="cac388db-ac2e-b6d9-36c8-df311d2c0de2" executionId="47aff007-ba70-42fc-a27e-ecbb73e156c2" testListId="8c84fa94-04c1-424b-9868-57a2d4851a1d" />
    <TestEntry testId="8d682cca-7905-fb79-d3f3-3beea380b885" executionId="e1b12a04-d019-4a09-a700-4544b9fedf8c" testListId="8c84fa94-04c1-424b-9868-57a2d4851a1d" />
    <TestEntry testId="0c403289-2ee5-b09e-209d-c8fb18d9b754" executionId="04efad9c-73f2-4ca2-871d-919d5d8a027b" testListId="8c84fa94-04c1-424b-9868-57a2d4851a1d" />
    <TestEntry testId="49c66ba6-3625-145f-66a3-32c8790bfeab" executionId="c6f79fa0-a4d7-469c-9c8c-a1fe700b87c3" testListId="8c84fa94-04c1-424b-9868-57a2d4851a1d" />
    <TestEntry testId="024759a8-9300-87cb-c880-6d5f373cea30" executionId="b980f10e-39e0-439f-b033-a5eef561e2e2" testListId="8c84fa94-04c1-424b-9868-57a2d4851a1d" />
    <TestEntry testId="b1eeae5a-a744-7209-7d2f-46b25a56da3c" executionId="ba4f9001-bd97-4aba-8617-0d33d2caf252" testListId="8c84fa94-04c1-424b-9868-57a2d4851a1d" />
    <TestEntry testId="510ae7c6-f529-941f-cc13-b196888d2edc" executionId="bbdc6643-bb9d-4167-812a-f1f412524595" testListId="8c84fa94-04c1-424b-9868-57a2d4851a1d" />
    <TestEntry testId="45c9f6d2-e108-65be-a52e-3e0340cecf77" executionId="9e29fd05-cf07-4940-8e1e-be9c8d847658" testListId="8c84fa94-04c1-424b-9868-57a2d4851a1d" />
    <TestEntry testId="b0631b1e-1721-7dba-2eae-e01ca7f31d56" executionId="00fcb216-abbe-45f4-b185-2b3a302673b1" testListId="8c84fa94-04c1-424b-9868-57a2d4851a1d" />
    <TestEntry testId="8a8457f0-17ac-7f8e-93f8-36d73b1c5d9c" executionId="6f188344-8f2b-4396-b368-e01bba035fbc" testListId="8c84fa94-04c1-424b-9868-57a2d4851a1d" />
    <TestEntry testId="387f3bb5-4e23-f915-617c-db68e514aac6" executionId="3f4a39c2-0e92-42be-ad45-e82614c92a5b" testListId="8c84fa94-04c1-424b-9868-57a2d4851a1d" />
    <TestEntry testId="12979020-d60a-bf62-04ea-e108f4128e79" executionId="77919435-cafe-469f-8cdd-4fc7a8729ce0" testListId="8c84fa94-04c1-424b-9868-57a2d4851a1d" />
    <TestEntry testId="cff95d85-e1d0-77c3-0178-805c484e0603" executionId="b5610dab-fd06-4fe6-9c81-81605482bffb" testListId="8c84fa94-04c1-424b-9868-57a2d4851a1d" />
    <TestEntry testId="b6b0e8a7-9028-91a4-c711-ba9efb3a7975" executionId="3171ad23-7aeb-4f54-9647-df1ecfbc6c5a" testListId="8c84fa94-04c1-424b-9868-57a2d4851a1d" />
    <TestEntry testId="03dc6fac-09ae-efac-2b20-dd44e3ce299c" executionId="bad016e1-3e11-4a7f-a691-dcfa4deecd36" testListId="8c84fa94-04c1-424b-9868-57a2d4851a1d" />
    <TestEntry testId="bc18e6b6-f9fe-20c6-110c-a76b7d3a129c" executionId="5dc4e86d-55f8-4e6a-96ed-b706d2a48449" testListId="8c84fa94-04c1-424b-9868-57a2d4851a1d" />
    <TestEntry testId="1c5f6bdb-90cf-c216-615a-8738426b16c1" executionId="2555d101-1fe3-4029-abc3-2cc60736c172" testListId="8c84fa94-04c1-424b-9868-57a2d4851a1d" />
    <TestEntry testId="91858778-ebd0-4412-1d07-757ea3c841d3" executionId="4e1a7ccc-d119-47e3-8b3a-fd72a6b480cf" testListId="8c84fa94-04c1-424b-9868-57a2d4851a1d" />
    <TestEntry testId="126ffada-cfee-1be8-dbc7-827097641a87" executionId="e5a47833-d722-497f-9ac5-eccfb946165e" testListId="8c84fa94-04c1-424b-9868-57a2d4851a1d" />
    <TestEntry testId="a0030ecb-5021-e031-c48d-8d837a3a5f55" executionId="90389d05-a738-478e-ac9b-568820184dd3" testListId="8c84fa94-04c1-424b-9868-57a2d4851a1d" />
    <TestEntry testId="1adef8d1-4342-c685-b2c4-21be4c31169a" executionId="2533d819-9601-4e84-88c9-6138dcac78c1" testListId="8c84fa94-04c1-424b-9868-57a2d4851a1d" />
    <TestEntry testId="0c4b3e2f-be31-5e7f-aa8c-92d9eab8c3c6" executionId="1429277c-a801-4e86-be1e-6848f8d01d15" testListId="8c84fa94-04c1-424b-9868-57a2d4851a1d" />
    <TestEntry testId="5c66969a-da15-2aeb-d1ef-6fe79df9890b" executionId="5642dca1-1c45-4668-a8d1-e24eeeb3877c" testListId="8c84fa94-04c1-424b-9868-57a2d4851a1d" />
    <TestEntry testId="f9ab833b-df15-9cc8-f558-a62d8cbbb6e6" executionId="f26f76e4-d03e-4d49-9f92-3dc1cad25043" testListId="8c84fa94-04c1-424b-9868-57a2d4851a1d" />
    <TestEntry testId="dc303fdd-a2c1-5dc1-26f2-e6c2bdc6b0e6" executionId="154d4907-7773-4f97-86e0-68344b61d472" testListId="8c84fa94-04c1-424b-9868-57a2d4851a1d" />
    <TestEntry testId="fb310f93-bdbc-3eed-eb85-9fd2ea82eb69" executionId="ffcd66f5-96c4-41a9-a963-59c2e7b9e648" testListId="8c84fa94-04c1-424b-9868-57a2d4851a1d" />
    <TestEntry testId="180723df-a689-1007-0653-73ebb7658fe1" executionId="9d812062-3bcc-49ba-9dfd-5a99bc9072a1" testListId="8c84fa94-04c1-424b-9868-57a2d4851a1d" />
    <TestEntry testId="0c5c217d-c327-9cfa-e76e-04d945ac7317" executionId="05443096-1340-4d52-a797-7fcdf4b9bc7b" testListId="8c84fa94-04c1-424b-9868-57a2d4851a1d" />
    <TestEntry testId="803a9632-0e33-b2b6-dd69-ef7f4081934a" executionId="666f4be2-ed3b-472d-b8b8-686abb6f0f83" testListId="8c84fa94-04c1-424b-9868-57a2d4851a1d" />
    <TestEntry testId="504c0089-9925-537e-1366-38b0ad1c5714" executionId="4eca2806-5f83-4236-96c9-8e8557df9a7e" testListId="8c84fa94-04c1-424b-9868-57a2d4851a1d" />
    <TestEntry testId="9fc3a64d-0b51-cfa6-f621-c238c4b18791" executionId="ac9fec27-381f-44ad-9159-1d3ffca0f09b" testListId="8c84fa94-04c1-424b-9868-57a2d4851a1d" />
    <TestEntry testId="327d819d-fff0-2645-ed26-7c8b041a5c5e" executionId="14046c2c-3181-48f1-95aa-f4abd6b1e547" testListId="8c84fa94-04c1-424b-9868-57a2d4851a1d" />
    <TestEntry testId="fe20d5ac-ad74-619d-0f7c-6aeb9a971f71" executionId="aaae7bab-800f-4f9d-ad53-6a79c1d03a13" testListId="8c84fa94-04c1-424b-9868-57a2d4851a1d" />
    <TestEntry testId="71993c54-30af-5cf8-24b1-295e010c2984" executionId="3c3e84b5-4b63-41f3-9aec-42a4d5d0e539" testListId="8c84fa94-04c1-424b-9868-57a2d4851a1d" />
    <TestEntry testId="d4bd3566-be3e-0e13-8217-7a3dae8692d7" executionId="50b300e7-871f-428c-947d-d8fd4b9de0fb" testListId="8c84fa94-04c1-424b-9868-57a2d4851a1d" />
    <TestEntry testId="5c629100-1a01-fa69-d682-da39e64d3574" executionId="c759db47-7c00-4f0f-a24c-f3c883f486a0" testListId="8c84fa94-04c1-424b-9868-57a2d4851a1d" />
    <TestEntry testId="a018abf4-372e-8fe0-0d52-e3123858e4a5" executionId="8dea9bc6-e00f-4246-a318-e9510e75fe03" testListId="8c84fa94-04c1-424b-9868-57a2d4851a1d" />
    <TestEntry testId="112f7182-386f-dbf6-8b46-e0309cd2b6e5" executionId="6fd094dd-c8ec-42c9-be24-f72f4f5d6f80" testListId="8c84fa94-04c1-424b-9868-57a2d4851a1d" />
    <TestEntry testId="7cb48da9-6927-24e4-d611-ff6cb95b84de" executionId="1dff63c4-5efe-4e5b-99d7-61ad3a8176b0" testListId="8c84fa94-04c1-424b-9868-57a2d4851a1d" />
    <TestEntry testId="363a65ec-bb67-6fd4-6fb6-fa37c5ced43c" executionId="7418e8d3-c923-468a-b757-920d5165d443" testListId="8c84fa94-04c1-424b-9868-57a2d4851a1d" />
    <TestEntry testId="c7ce3812-bc99-fdef-c342-2b096f074200" executionId="d5e98bf8-bd55-4e79-95ae-11ab77dc0f5f" testListId="8c84fa94-04c1-424b-9868-57a2d4851a1d" />
    <TestEntry testId="d5bd1a24-0d28-1066-6143-e1e6899b6b66" executionId="0a81cce2-cac3-43de-bbc2-da7a0bcf94dc" testListId="8c84fa94-04c1-424b-9868-57a2d4851a1d" />
    <TestEntry testId="da78b270-d675-fe36-49ae-06dfb48274e2" executionId="87bd37af-988c-48c2-aab8-1143241ae08b" testListId="8c84fa94-04c1-424b-9868-57a2d4851a1d" />
    <TestEntry testId="c14b0d55-125a-2c55-9134-80d0f1a6d474" executionId="bff983b4-d583-497f-85c9-2cf3b5560a07" testListId="8c84fa94-04c1-424b-9868-57a2d4851a1d" />
    <TestEntry testId="5d6c62be-1a71-0d76-2dcc-bcfcfc409450" executionId="367e13f8-a492-4bfe-9cc4-7f631d862e02" testListId="8c84fa94-04c1-424b-9868-57a2d4851a1d" />
    <TestEntry testId="f57b5067-5d4e-03c0-692d-c191239d3871" executionId="ce23783e-9445-4530-abe4-ab41195574a3" testListId="8c84fa94-04c1-424b-9868-57a2d4851a1d" />
    <TestEntry testId="d3c30e84-cb03-9797-79c9-982e093f9870" executionId="06de7f42-3972-4047-af52-5839d2261c59" testListId="8c84fa94-04c1-424b-9868-57a2d4851a1d" />
    <TestEntry testId="c70c55b6-a5d8-6a77-0b22-21ef25f24cec" executionId="b98a896e-00fe-4a73-8cf5-af30212a1cfa" testListId="8c84fa94-04c1-424b-9868-57a2d4851a1d" />
    <TestEntry testId="a1ca63dd-87b9-632a-f6cb-e20a8a7d9032" executionId="e0dcccce-eb34-4192-a30e-bed8f1116953" testListId="8c84fa94-04c1-424b-9868-57a2d4851a1d" />
    <TestEntry testId="9fab0aaf-cd88-89af-f60e-f1c4757a7fc7" executionId="5b60d66d-c4c2-425c-a683-6dbcf6ed1df5" testListId="8c84fa94-04c1-424b-9868-57a2d4851a1d" />
    <TestEntry testId="8519e65a-7aa0-03e5-aece-23943f749ca2" executionId="08310a76-2a23-4a90-82ce-b1192800e530" testListId="8c84fa94-04c1-424b-9868-57a2d4851a1d" />
    <TestEntry testId="dec67eae-9abc-ba1a-4c9b-5e12f329ce52" executionId="a0f17cf5-d920-49a0-acd9-33e79582494d" testListId="8c84fa94-04c1-424b-9868-57a2d4851a1d" />
    <TestEntry testId="61783af7-9da0-a930-0b3f-7169bf0cc5fc" executionId="8cc85ca9-d2bc-42cf-a219-343b513aa23f" testListId="8c84fa94-04c1-424b-9868-57a2d4851a1d" />
    <TestEntry testId="ba2c2320-1c4f-f710-ce45-2cb122a169f2" executionId="d0201a1f-2620-4e99-b403-754e6146f310" testListId="8c84fa94-04c1-424b-9868-57a2d4851a1d" />
    <TestEntry testId="df668ca4-da11-d762-5b13-7b5500fbb711" executionId="873973c0-4839-4245-a429-daad4b5edbaf" testListId="8c84fa94-04c1-424b-9868-57a2d4851a1d" />
    <TestEntry testId="2fb2a5d6-5104-52ac-5fc4-74a85351cf49" executionId="40596431-edb3-405b-994d-317f21e2471a" testListId="8c84fa94-04c1-424b-9868-57a2d4851a1d" />
    <TestEntry testId="caedc543-94ff-a106-34c8-7d6d7633db2f" executionId="e7e939e8-747d-43ca-a6a8-61355646bb08" testListId="8c84fa94-04c1-424b-9868-57a2d4851a1d" />
    <TestEntry testId="0bda52e5-cb56-953e-3d6b-f3c3bd3e904e" executionId="cb5c6cc2-fee0-4e4b-9ee0-6db9840da4f4" testListId="8c84fa94-04c1-424b-9868-57a2d4851a1d" />
    <TestEntry testId="4fac1f8b-0079-bf1a-1f42-1131f1b161ad" executionId="99aaf976-1258-4006-a03c-dff834bd7e54" testListId="8c84fa94-04c1-424b-9868-57a2d4851a1d" />
    <TestEntry testId="f9f38717-c2d2-14d9-7db9-8106eb6cf0b3" executionId="f66f93fa-7d95-4591-8ec0-73cb34bb6f34" testListId="8c84fa94-04c1-424b-9868-57a2d4851a1d" />
    <TestEntry testId="861f1a39-aef0-99d5-02b4-c5a871551570" executionId="23b274a2-a79c-4cc0-87f6-205000ee7217" testListId="8c84fa94-04c1-424b-9868-57a2d4851a1d" />
    <TestEntry testId="eaf850d3-6240-bf6e-945a-a147a8c52014" executionId="64d67975-ce4f-4585-ad8d-f645101e939c" testListId="8c84fa94-04c1-424b-9868-57a2d4851a1d" />
    <TestEntry testId="22546df7-3cb7-4ca0-deac-ab2e0b6e9103" executionId="30f98faa-a5a3-49e0-bcd6-0a0bb2a9511f" testListId="8c84fa94-04c1-424b-9868-57a2d4851a1d" />
  </TestEntries>
  <TestLists>
    <TestList name="Results Not in a List" id="8c84fa94-04c1-424b-9868-57a2d4851a1d" />
    <TestList name="All Loaded Results" id="19431567-8539-422a-85d7-44ee4e166bda" />
  </TestLists>
  <ResultSummary outcome="Failed">
    <Counters total="126" executed="126" passed="120" failed="6" error="0" timeout="0" aborted="0" inconclusive="0" passedButRunAborted="0" notRunnable="0" notExecuted="0" disconnected="0" warning="0" completed="0" inProgress="0" pending="0" />
    <RunInfos>
      <RunInfo computerName="DESKTOP-8TCJTKA" outcome="Error" timestamp="2026-02-04T00:00:35.0036185-06:00">
        <Text>The active test run was aborted. Reason: Test host process crashed</Text>
      </RunInfo>
    </RunInfos>
  </ResultSummary>
</TestRun>