<?xml version="1.0" encoding="utf-8"?><testsuites name="pytest tests"><testsuite name="pytest" errors="2" failures="0" skipped="4" tests="6" time="5.846" timestamp="2026-02-04T00:00:35.439892-06:00" hostname="DESKTOP-8TCJTKA"><testcase classname="" name="tests.performance.test_expanded_performance" time="0.000"><skipped message="collection skipped">('E:\\VoiceStudio\\tests\\performance\\test_expanded_performance.py', 25, 'Skipped: Missing dependencies for performance tests')</skipped></testcase><testcase classname="" name="tests.performance.test_load_stress" time="0.000"><skipped message="collection skipped">('E:\\VoiceStudio\\tests\\performance\\test_load_stress.py', 28, 'Skipped: Missing dependencies for load tests')</skipped></testcase><testcase classname="" name="tests.performance.test_performance_benchmarks" time="0.000"><skipped message="collection skipped">('E:\\VoiceStudio\\tests\\performance\\test_performance_benchmarks.py', 29, 'Skipped: Missing dependencies for performance tests')</skipped></testcase><testcase classname="" name="tests.performance.test_profiling" time="0.000"><skipped message="collection skipped">('E:\\VoiceStudio\\tests\\performance\\test_profiling.py', 26, 'Skipped: Missing dependencies for profiling tests')</skipped></testcase><testcase classname="" name="tests.quality.test_engine_integration" time="0.000"><error message="collection failure">import file mismatch:
imported module 'test_engine_integration' has this __file__ attribute:
  E:\VoiceStudio\tests\integration\engines\test_engine_integration.py
which is not the same as the test file we want to collect:
  E:\VoiceStudio\tests\quality\test_engine_integration.py
HINT: remove __pycache__ / .pyc files and/or use a unique basename for your test file modules</error></testcase><testcase classname="" name="tests.soak.test_soak_operations" time="0.000"><error message="collection failure">ImportError while importing test module 'E:\VoiceStudio\tests\soak\test_soak_operations.py'.
Hint: make sure your test modules/packages have valid Python names.
Traceback:
C:\Python39\lib\site-packages\_pytest\python.py:498: in importtestmodule
    mod = import_path(
C:\Python39\lib\site-packages\_pytest\pathlib.py:587: in import_path
    importlib.import_module(module_name)
C:\Python39\lib\importlib\__init__.py:127: in import_module
    return _bootstrap._gcd_import(name[level:], package, level)
&lt;frozen importlib._bootstrap&gt;:1030: in _gcd_import
    ???
&lt;frozen importlib._bootstrap&gt;:1007: in _find_and_load
    ???
&lt;frozen importlib._bootstrap&gt;:986: in _find_and_load_unlocked
    ???
&lt;frozen importlib._bootstrap&gt;:680: in _load_unlocked
    ???
C:\Python39\lib\site-packages\_pytest\assertion\rewrite.py:186: in exec_module
    exec(co, module.__dict__)
tests\soak\test_soak_operations.py:25: in &lt;module&gt;
    import psutil
E   ModuleNotFoundError: No module named 'psutil'</error></testcase></testsuite></testsuites>